<?xml version="1.0" encoding="utf-8"?><testsuites name="pytest tests"><testsuite name="pytest" errors="0" failures="0" skipped="0" tests="16" time="5.654" timestamp="2026-03-28T02:34:05.350732+00:00" hostname="agent-env-3c7c514a-82bb-43bc-8731-1c891e1a0e7d"><testcase classname="tests.test_accounting_wins_iteration56.TestAuth" name="test_admin_login" time="0.364" /><testcase classname="tests.test_accounting_wins_iteration56.TestAuth" name="test_vendedor_login" time="0.384" /><testcase classname="tests.test_accounting_wins_iteration56.TestAccountingSummary" name="test_accounting_summary_structure" time="0.424" /><testcase classname="tests.test_accounting_wins_iteration56.TestAccountingSummary" name="test_accounting_summary_profit_can_be_negative" time="0.116" /><testcase classname="tests.test_accounting_wins_iteration56.TestAccountingReport" name="test_accounting_report_month_structure" time="0.574" /><testcase classname="tests.test_accounting_wins_iteration56.TestAccountingReport" name="test_accounting_report_net_profit_can_be_negative" time="0.133" /><testcase classname="tests.test_accounting_wins_iteration56.TestAccountingReport" name="test_accounting_report_day_period" time="0.133" /><testcase classname="tests.test_accounting_wins_iteration56.TestAccountingReport" name="test_accounting_report_week_period" time="0.124" /><testcase classname="tests.test_accounting_wins_iteration56.TestCountryComparison" name="test_country_comparison_structure" time="0.455" /><testcase classname="tests.test_accounting_wins_iteration56.TestDailyChart" name="test_daily_chart_structure" time="0.454" /><testcase classname="tests.test_accounting_wins_iteration56.TestDetailedSellerReport" name="test_detailed_seller_report_structure" time="0.507" /><testcase classname="tests.test_accounting_wins_iteration56.TestWinningTickets" name="test_get_winning_tickets" time="0.441" /><testcase classname="tests.test_accounting_wins_iteration56.TestWinningTickets" name="test_verify_winning_ticket_has_details" time="0.228" /><testcase classname="tests.test_accounting_wins_iteration56.TestTicketVerifyEndpoint" name="test_verify_nonexistent_ticket" time="0.114" /><testcase classname="tests.test_accounting_wins_iteration56.TestTicketVerifyEndpoint" name="test_verify_ticket_structure" time="0.603" /><testcase classname="tests.test_accounting_wins_iteration56.TestSellersReport" name="test_sellers_report_structure" time="0.475" /></testsuite></testsuites>