<?xml version="1.0" encoding="utf-8"?><testsuites name="pytest tests"><testsuite name="pytest" errors="0" failures="3" skipped="0" tests="15" time="11.223" timestamp="2026-02-17T23:12:28.954802+00:00" hostname="agent-env-edd5722e-7695-456b-b8ba-5277ca03f951"><testcase classname="tests.test_admin_pending_payments.TestAdminPendingPayments" name="test_get_pending_payments_unauthorized" time="1.020"><failure message="AssertionError: Expected 401/422, got 403&#10;assert 403 in [401, 422]&#10; +  where 403 = &lt;Response [403]&gt;.status_code">tests/test_admin_pending_payments.py:51: in test_get_pending_payments_unauthorized
    assert response.status_code in [401, 422], f"Expected 401/422, got {response.status_code}"
E   AssertionError: Expected 401/422, got 403
E   assert 403 in [401, 422]
E    +  where 403 = &lt;Response [403]&gt;.status_code</failure></testcase><testcase classname="tests.test_admin_pending_payments.TestAdminPendingPayments" name="test_get_pending_payments_client_forbidden" time="0.814" /><testcase classname="tests.test_admin_pending_payments.TestAdminPendingPayments" name="test_get_pending_payments_admin_success" time="0.937" /><testcase classname="tests.test_admin_pending_payments.TestAdminPendingPayments" name="test_get_pending_payments_count_unauthorized" time="0.842"><failure message="AssertionError: Expected 401/422, got 403&#10;assert 403 in [401, 422]&#10; +  where 403 = &lt;Response [403]&gt;.status_code">tests/test_admin_pending_payments.py:91: in test_get_pending_payments_count_unauthorized
    assert response.status_code in [401, 422], f"Expected 401/422, got {response.status_code}"
E   AssertionError: Expected 401/422, got 403
E   assert 403 in [401, 422]
E    +  where 403 = &lt;Response [403]&gt;.status_code</failure></testcase><testcase classname="tests.test_admin_pending_payments.TestAdminPendingPayments" name="test_get_pending_payments_count_admin_success" time="0.889" /><testcase classname="tests.test_admin_pending_payments.TestAdminPendingPayments" name="test_process_payment_invalid_id" time="0.860" /><testcase classname="tests.test_admin_pending_payments.TestAdminPendingPayments" name="test_process_payment_invalid_action" time="0.806" /><testcase classname="tests.test_admin_pending_payments.TestAdminPendingPayments" name="test_process_payment_unauthorized" time="0.834"><failure message="AssertionError: Expected 401/422, got 403&#10;assert 403 in [401, 422]&#10; +  where 403 = &lt;Response [403]&gt;.status_code">tests/test_admin_pending_payments.py:139: in test_process_payment_unauthorized
    assert response.status_code in [401, 422], f"Expected 401/422, got {response.status_code}"
E   AssertionError: Expected 401/422, got 403
E   assert 403 in [401, 422]
E    +  where 403 = &lt;Response [403]&gt;.status_code</failure></testcase><testcase classname="tests.test_admin_pending_payments.TestAdminPendingPayments" name="test_process_payment_client_forbidden" time="0.869" /><testcase classname="tests.test_admin_pending_payments.TestPaymentConfig" name="test_get_payment_config" time="0.542" /><testcase classname="tests.test_admin_pending_payments.TestPaymentConfig" name="test_update_payment_config" time="0.520" /><testcase classname="tests.test_admin_pending_payments.TestPaymentHistory" name="test_get_payment_history_all" time="0.474" /><testcase classname="tests.test_admin_pending_payments.TestPaymentHistory" name="test_get_payment_history_by_status" time="0.710" /><testcase classname="tests.test_admin_pending_payments.TestClientNotifications" name="test_client_profile_includes_notifications" time="0.526" /><testcase classname="tests.test_admin_pending_payments.TestDashboardMenuOption" name="test_admin_dashboard_access" time="0.481" /></testsuite></testsuites>