<?xml version="1.0" encoding="utf-8"?><testsuites name="pytest tests"><testsuite name="pytest" errors="0" failures="2" skipped="0" tests="18" time="3.348" timestamp="2026-02-18T00:32:10.223463+00:00" hostname="agent-env-b693a6e6-f6df-4184-b5da-cf6c5a22055e"><testcase classname="tests.test_admin_stats.TestDashboardStatsEndpoint" name="test_dashboard_stats_default_period" time="0.629" /><testcase classname="tests.test_admin_stats.TestDashboardStatsEndpoint" name="test_dashboard_stats_period_day" time="0.116" /><testcase classname="tests.test_admin_stats.TestDashboardStatsEndpoint" name="test_dashboard_stats_period_week" time="0.153" /><testcase classname="tests.test_admin_stats.TestDashboardStatsEndpoint" name="test_dashboard_stats_period_month" time="0.226" /><testcase classname="tests.test_admin_stats.TestDashboardStatsEndpoint" name="test_dashboard_stats_period_year" time="0.147" /><testcase classname="tests.test_admin_stats.TestDashboardStatsEndpoint" name="test_dashboard_stats_growth_data" time="0.132" /><testcase classname="tests.test_admin_stats.TestDashboardStatsEndpoint" name="test_dashboard_stats_sales_by_lottery" time="0.119" /><testcase classname="tests.test_admin_stats.TestDashboardStatsEndpoint" name="test_dashboard_stats_unauthorized" time="0.126"><failure message="assert 403 == 401&#10; +  where 403 = &lt;Response [403]&gt;.status_code">tests/test_admin_stats.py:148: in test_dashboard_stats_unauthorized
    assert response.status_code == 401
E   assert 403 == 401
E    +  where 403 = &lt;Response [403]&gt;.status_code</failure></testcase><testcase classname="tests.test_admin_stats.TestExtendedStatsEndpoint" name="test_extended_stats_default_period" time="0.115" /><testcase classname="tests.test_admin_stats.TestExtendedStatsEndpoint" name="test_extended_stats_client_analytics" time="0.123" /><testcase classname="tests.test_admin_stats.TestExtendedStatsEndpoint" name="test_extended_stats_lottery_analytics" time="0.134" /><testcase classname="tests.test_admin_stats.TestExtendedStatsEndpoint" name="test_extended_stats_time_analytics" time="0.118" /><testcase classname="tests.test_admin_stats.TestExtendedStatsEndpoint" name="test_extended_stats_period_day" time="0.127" /><testcase classname="tests.test_admin_stats.TestExtendedStatsEndpoint" name="test_extended_stats_period_week" time="0.138" /><testcase classname="tests.test_admin_stats.TestExtendedStatsEndpoint" name="test_extended_stats_period_year" time="0.122" /><testcase classname="tests.test_admin_stats.TestExtendedStatsEndpoint" name="test_extended_stats_invalid_period" time="0.122" /><testcase classname="tests.test_admin_stats.TestExtendedStatsEndpoint" name="test_extended_stats_unauthorized" time="0.202"><failure message="assert 403 == 401&#10; +  where 403 = &lt;Response [403]&gt;.status_code">tests/test_admin_stats.py:284: in test_extended_stats_unauthorized
    assert response.status_code == 401
E   assert 403 == 401
E    +  where 403 = &lt;Response [403]&gt;.status_code</failure></testcase><testcase classname="tests.test_admin_stats.TestDataConsistency" name="test_same_period_yields_consistent_data" time="0.360" /></testsuite></testsuites>