<?xml version="1.0" encoding="utf-8"?><testsuites name="pytest tests"><testsuite name="pytest" errors="0" failures="0" skipped="0" tests="18" time="3.114" timestamp="2026-02-18T00:32:26.779025+00:00" hostname="agent-env-b693a6e6-f6df-4184-b5da-cf6c5a22055e"><testcase classname="tests.test_admin_stats.TestDashboardStatsEndpoint" name="test_dashboard_stats_default_period" time="0.596" /><testcase classname="tests.test_admin_stats.TestDashboardStatsEndpoint" name="test_dashboard_stats_period_day" time="0.133" /><testcase classname="tests.test_admin_stats.TestDashboardStatsEndpoint" name="test_dashboard_stats_period_week" time="0.112" /><testcase classname="tests.test_admin_stats.TestDashboardStatsEndpoint" name="test_dashboard_stats_period_month" time="0.137" /><testcase classname="tests.test_admin_stats.TestDashboardStatsEndpoint" name="test_dashboard_stats_period_year" time="0.122" /><testcase classname="tests.test_admin_stats.TestDashboardStatsEndpoint" name="test_dashboard_stats_growth_data" time="0.130" /><testcase classname="tests.test_admin_stats.TestDashboardStatsEndpoint" name="test_dashboard_stats_sales_by_lottery" time="0.128" /><testcase classname="tests.test_admin_stats.TestDashboardStatsEndpoint" name="test_dashboard_stats_unauthorized" time="0.136" /><testcase classname="tests.test_admin_stats.TestExtendedStatsEndpoint" name="test_extended_stats_default_period" time="0.229" /><testcase classname="tests.test_admin_stats.TestExtendedStatsEndpoint" name="test_extended_stats_client_analytics" time="0.141" /><testcase classname="tests.test_admin_stats.TestExtendedStatsEndpoint" name="test_extended_stats_lottery_analytics" time="0.120" /><testcase classname="tests.test_admin_stats.TestExtendedStatsEndpoint" name="test_extended_stats_time_analytics" time="0.125" /><testcase classname="tests.test_admin_stats.TestExtendedStatsEndpoint" name="test_extended_stats_period_day" time="0.116" /><testcase classname="tests.test_admin_stats.TestExtendedStatsEndpoint" name="test_extended_stats_period_week" time="0.120" /><testcase classname="tests.test_admin_stats.TestExtendedStatsEndpoint" name="test_extended_stats_period_year" time="0.141" /><testcase classname="tests.test_admin_stats.TestExtendedStatsEndpoint" name="test_extended_stats_invalid_period" time="0.119" /><testcase classname="tests.test_admin_stats.TestExtendedStatsEndpoint" name="test_extended_stats_unauthorized" time="0.152" /><testcase classname="tests.test_admin_stats.TestDataConsistency" name="test_same_period_yields_consistent_data" time="0.275" /></testsuite></testsuites>