<?xml version="1.0" encoding="utf-8"?><testsuites name="pytest tests"><testsuite name="pytest" errors="0" failures="0" skipped="0" tests="13" time="5.589" timestamp="2026-03-21T07:03:21.025479+00:00" hostname="agent-env-75e92532-941d-467d-adbc-0cdc04f83887"><testcase classname="backend.tests.test_alert_system_iteration51.TestAlertSystem" name="test_get_alert_settings" time="0.397" /><testcase classname="backend.tests.test_alert_system_iteration51.TestAlertSystem" name="test_update_alert_settings_super_admin" time="0.546" /><testcase classname="backend.tests.test_alert_system_iteration51.TestAlertSystem" name="test_update_alert_settings_vendor_forbidden" time="0.685" /><testcase classname="backend.tests.test_alert_system_iteration51.TestAlertSystem" name="test_get_recent_alerts" time="0.371" /><testcase classname="backend.tests.test_alert_system_iteration51.TestAlertSystem" name="test_get_recent_alerts_with_type_filter" time="0.368" /><testcase classname="backend.tests.test_alert_system_iteration51.TestAlertSystem" name="test_get_unread_count" time="0.397" /><testcase classname="backend.tests.test_alert_system_iteration51.TestAlertSystem" name="test_mark_notification_read" time="0.478" /><testcase classname="backend.tests.test_alert_system_iteration51.TestAlertSystem" name="test_milestone_notification_exists" time="0.359" /><testcase classname="backend.tests.test_alert_system_iteration51.TestAlertSystem" name="test_daily_target_notification_exists" time="0.366" /><testcase classname="backend.tests.test_alert_system_iteration51.TestAlertSystem" name="test_full_alert_flow" time="0.451" /><testcase classname="backend.tests.test_alert_system_iteration51.TestVendorAlertAccess" name="test_vendor_cannot_access_alert_settings" time="0.364" /><testcase classname="backend.tests.test_alert_system_iteration51.TestVendorAlertAccess" name="test_vendor_cannot_access_recent_alerts" time="0.357" /><testcase classname="backend.tests.test_alert_system_iteration51.TestVendorAlertAccess" name="test_vendor_can_access_unread_count" time="0.380" /></testsuite></testsuites>