<?xml version="1.0" encoding="utf-8"?><testsuites name="pytest tests"><testsuite name="pytest" errors="0" failures="0" skipped="0" tests="11" time="6.281" timestamp="2026-02-13T08:07:13.500365+00:00" hostname="agent-env-1908fefd-be55-4560-93a7-c0c9889b7dfe"><testcase classname="backend.tests.test_auth_refresh.TestAuthRefresh" name="test_login_returns_valid_token" time="0.823" /><testcase classname="backend.tests.test_auth_refresh.TestAuthRefresh" name="test_refresh_token_returns_new_token" time="0.427" /><testcase classname="backend.tests.test_auth_refresh.TestAuthRefresh" name="test_refresh_token_returns_different_token" time="0.397" /><testcase classname="backend.tests.test_auth_refresh.TestAuthRefresh" name="test_new_token_is_usable" time="0.464" /><testcase classname="backend.tests.test_auth_refresh.TestAuthRefresh" name="test_refresh_without_token_fails" time="0.471" /><testcase classname="backend.tests.test_auth_refresh.TestAuthRefresh" name="test_refresh_with_invalid_token_fails" time="0.538" /><testcase classname="backend.tests.test_auth_refresh.TestTokenExpirationHandling" name="test_protected_endpoint_with_valid_token" time="0.477" /><testcase classname="backend.tests.test_auth_refresh.TestTokenExpirationHandling" name="test_tickets_multi_with_valid_token" time="0.377" /><testcase classname="backend.tests.test_auth_refresh.TestTokenExpirationHandling" name="test_tickets_multi_without_token_fails" time="1.050" /><testcase classname="backend.tests.test_auth_refresh.TestTokenExpirationHandling" name="test_token_expiration_error_message" time="0.520" /><testcase classname="backend.tests.test_auth_refresh.TestRefreshTokenFlow" name="test_complete_refresh_cycle" time="0.616" /></testsuite></testsuites>