<?xml version="1.0" encoding="utf-8"?><testsuites name="pytest tests"><testsuite name="pytest" errors="0" failures="0" skipped="0" tests="14" time="7.272" timestamp="2026-02-14T12:40:57.506804+00:00" hostname="agent-env-c180b1c1-db76-4162-8be3-8e65e16f9c2e"><testcase classname="backend.tests.test_bank_accounts.TestBankAccountsAPI" name="test_01_get_bank_accounts_list" time="0.529" /><testcase classname="backend.tests.test_bank_accounts.TestBankAccountsAPI" name="test_02_get_bank_summary" time="0.409" /><testcase classname="backend.tests.test_bank_accounts.TestBankAccountsAPI" name="test_03_create_bank_account_success" time="0.411" /><testcase classname="backend.tests.test_bank_accounts.TestBankAccountsAPI" name="test_04_create_zelle_account" time="0.390" /><testcase classname="backend.tests.test_bank_accounts.TestBankAccountsAPI" name="test_05_create_cash_account" time="0.374" /><testcase classname="backend.tests.test_bank_accounts.TestBankAccountsAPI" name="test_06_get_pending_deposit_requests" time="0.377" /><testcase classname="backend.tests.test_bank_accounts.TestVendorDepositRequest" name="test_01_vendor_get_public_bank_accounts" time="0.371" /><testcase classname="backend.tests.test_bank_accounts.TestVendorDepositRequest" name="test_02_vendor_create_deposit_request" time="0.764" /><testcase classname="backend.tests.test_bank_accounts.TestVendorDepositRequest" name="test_03_vendor_view_own_deposit_requests" time="0.383" /><testcase classname="backend.tests.test_bank_accounts.TestDepositApproval" name="test_01_full_deposit_workflow" time="1.071" /><testcase classname="backend.tests.test_bank_accounts.TestDepositApproval" name="test_02_reject_deposit_request" time="1.240" /><testcase classname="backend.tests.test_bank_accounts.TestAuthorizationControls" name="test_01_vendor_cannot_create_bank_account" time="0.358" /><testcase classname="backend.tests.test_bank_accounts.TestAuthorizationControls" name="test_02_vendor_cannot_approve_deposits" time="0.369" /><testcase classname="backend.tests.test_bank_accounts.TestAuthorizationControls" name="test_03_unauthenticated_cannot_access" time="0.111" /></testsuite></testsuites>