<?xml version="1.0" encoding="utf-8"?><testsuites name="pytest tests"><testsuite name="pytest" errors="0" failures="0" skipped="0" tests="13" time="7.562" timestamp="2026-02-17T23:52:13.211407+00:00" hostname="agent-env-edd5722e-7695-456b-b8ba-5277ca03f951"><testcase classname="backend.tests.test_client_notifications.TestClientNotificationsEndpoints" name="test_get_notifications_success" time="1.102" /><testcase classname="backend.tests.test_client_notifications.TestClientNotificationsEndpoints" name="test_get_notifications_with_pagination" time="0.521" /><testcase classname="backend.tests.test_client_notifications.TestClientNotificationsEndpoints" name="test_get_notifications_unread_only" time="0.506" /><testcase classname="backend.tests.test_client_notifications.TestClientNotificationsEndpoints" name="test_get_notifications_without_auth" time="0.541" /><testcase classname="backend.tests.test_client_notifications.TestClientNotificationsEndpoints" name="test_get_unread_count_success" time="0.524" /><testcase classname="backend.tests.test_client_notifications.TestClientNotificationsEndpoints" name="test_get_unread_count_without_auth" time="0.486" /><testcase classname="backend.tests.test_client_notifications.TestClientNotificationsEndpoints" name="test_mark_notification_read_nonexistent" time="0.546" /><testcase classname="backend.tests.test_client_notifications.TestClientNotificationsEndpoints" name="test_mark_notification_read_without_auth" time="0.495" /><testcase classname="backend.tests.test_client_notifications.TestClientNotificationsEndpoints" name="test_mark_all_notifications_read_success" time="0.522" /><testcase classname="backend.tests.test_client_notifications.TestClientNotificationsEndpoints" name="test_mark_all_notifications_read_without_auth" time="0.517" /><testcase classname="backend.tests.test_client_notifications.TestClientNotificationsIntegration" name="test_full_notifications_flow" time="0.991" /><testcase classname="backend.tests.test_client_notifications.TestClientDashboardNotificationBadge" name="test_dashboard_profile_and_notifications" time="0.622" /><testcase classname="backend.tests.test_client_notifications.TestLotterySchedulerWinnerDetection" name="test_notify_client_winner_function_exists" time="0.125" /></testsuite></testsuites>