<?xml version="1.0" encoding="utf-8"?><testsuites name="pytest tests"><testsuite name="pytest" errors="0" failures="0" skipped="0" tests="17" time="8.666" timestamp="2026-02-17T22:46:42.076223+00:00" hostname="agent-env-edd5722e-7695-456b-b8ba-5277ca03f951"><testcase classname="backend.tests.test_clients_api.TestClientRegistration" name="test_register_new_client_success" time="0.431" /><testcase classname="backend.tests.test_clients_api.TestClientRegistration" name="test_register_client_with_email" time="0.465" /><testcase classname="backend.tests.test_clients_api.TestClientRegistration" name="test_register_duplicate_phone_fails" time="0.500" /><testcase classname="backend.tests.test_clients_api.TestClientRegistration" name="test_register_short_password_fails" time="0.133" /><testcase classname="backend.tests.test_clients_api.TestClientLogin" name="test_login_success_with_phone" time="0.851" /><testcase classname="backend.tests.test_clients_api.TestClientLogin" name="test_login_invalid_credentials" time="0.736" /><testcase classname="backend.tests.test_clients_api.TestClientLogin" name="test_login_nonexistent_user" time="0.451" /><testcase classname="backend.tests.test_clients_api.TestClientProfile" name="test_get_profile_success" time="0.475" /><testcase classname="backend.tests.test_clients_api.TestClientProfile" name="test_get_profile_without_auth" time="0.478" /><testcase classname="backend.tests.test_clients_api.TestClientProfile" name="test_get_profile_invalid_token" time="0.519" /><testcase classname="backend.tests.test_clients_api.TestPaymentAccounts" name="test_get_payment_accounts_success" time="0.156" /><testcase classname="backend.tests.test_clients_api.TestClientTickets" name="test_get_client_tickets_empty" time="0.452" /><testcase classname="backend.tests.test_clients_api.TestClientTickets" name="test_get_client_tickets_without_auth" time="0.534" /><testcase classname="backend.tests.test_clients_api.TestClientResults" name="test_get_results_today" time="0.499" /><testcase classname="backend.tests.test_clients_api.TestClientResults" name="test_get_results_specific_date" time="0.489" /><testcase classname="backend.tests.test_clients_api.TestClientResults" name="test_get_results_without_auth" time="0.563" /><testcase classname="backend.tests.test_clients_api.TestClientIntegration" name="test_full_registration_and_login_flow" time="0.809" /></testsuite></testsuites>