<?xml version="1.0" encoding="utf-8"?><testsuites name="pytest tests"><testsuite name="pytest" errors="0" failures="0" skipped="0" tests="38" time="23.511" timestamp="2026-03-21T07:49:10.113054+00:00" hostname="agent-env-75e92532-941d-467d-adbc-0cdc04f83887"><testcase classname="backend.tests.test_comprehensive_mobile_api_iteration52.TestAuthEndpoints" name="test_admin_login" time="0.432" /><testcase classname="backend.tests.test_comprehensive_mobile_api_iteration52.TestAuthEndpoints" name="test_vendor_login" time="0.325" /><testcase classname="backend.tests.test_comprehensive_mobile_api_iteration52.TestAuthEndpoints" name="test_auth_me_returns_country_and_active" time="0.426" /><testcase classname="backend.tests.test_comprehensive_mobile_api_iteration52.TestClientEndpoints" name="test_client_registration" time="0.682" /><testcase classname="backend.tests.test_comprehensive_mobile_api_iteration52.TestClientEndpoints" name="test_client_login" time="0.666" /><testcase classname="backend.tests.test_comprehensive_mobile_api_iteration52.TestClientEndpoints" name="test_client_me" time="0.731" /><testcase classname="backend.tests.test_comprehensive_mobile_api_iteration52.TestClientEndpoints" name="test_client_payment_accounts" time="0.431" /><testcase classname="backend.tests.test_comprehensive_mobile_api_iteration52.TestClientEndpoints" name="test_client_tickets" time="0.740" /><testcase classname="backend.tests.test_comprehensive_mobile_api_iteration52.TestClientEndpoints" name="test_client_notifications_unread_count" time="0.747" /><testcase classname="backend.tests.test_comprehensive_mobile_api_iteration52.TestClientEndpoints" name="test_client_results" time="0.755" /><testcase classname="backend.tests.test_comprehensive_mobile_api_iteration52.TestCompanyProfile" name="test_get_company_profile" time="0.430" /><testcase classname="backend.tests.test_comprehensive_mobile_api_iteration52.TestLotteryEndpoints" name="test_get_lotteries_active" time="0.099" /><testcase classname="backend.tests.test_comprehensive_mobile_api_iteration52.TestLotteryEndpoints" name="test_get_lotteries_all" time="0.106" /><testcase classname="backend.tests.test_comprehensive_mobile_api_iteration52.TestTicketEndpoints" name="test_create_multi_play_ticket" time="0.749" /><testcase classname="backend.tests.test_comprehensive_mobile_api_iteration52.TestTicketEndpoints" name="test_get_tickets_paginated" time="0.766" /><testcase classname="backend.tests.test_comprehensive_mobile_api_iteration52.TestTicketEndpoints" name="test_get_receipt_image" time="0.919" /><testcase classname="backend.tests.test_comprehensive_mobile_api_iteration52.TestTicketEndpoints" name="test_get_qr_code" time="0.828" /><testcase classname="backend.tests.test_comprehensive_mobile_api_iteration52.TestTicketEndpoints" name="test_get_recent_plays" time="0.751" /><testcase classname="backend.tests.test_comprehensive_mobile_api_iteration52.TestTicketEndpoints" name="test_cancel_ticket" time="0.827" /><testcase classname="backend.tests.test_comprehensive_mobile_api_iteration52.TestDrawEndpoints" name="test_get_draws" time="0.434" /><testcase classname="backend.tests.test_comprehensive_mobile_api_iteration52.TestLotteryResultsEndpoints" name="test_get_latest_results" time="3.085" /><testcase classname="backend.tests.test_comprehensive_mobile_api_iteration52.TestUserEndpoints" name="test_get_users" time="0.445" /><testcase classname="backend.tests.test_comprehensive_mobile_api_iteration52.TestFavoritesEndpoints" name="test_get_favorites" time="0.404" /><testcase classname="backend.tests.test_comprehensive_mobile_api_iteration52.TestNotificationEndpoints" name="test_get_notifications" time="0.417" /><testcase classname="backend.tests.test_comprehensive_mobile_api_iteration52.TestNotificationEndpoints" name="test_get_unread_count" time="0.417" /><testcase classname="backend.tests.test_comprehensive_mobile_api_iteration52.TestAccountingEndpoints" name="test_get_accounting_summary" time="0.427" /><testcase classname="backend.tests.test_comprehensive_mobile_api_iteration52.TestAccountingEndpoints" name="test_get_accounting_report" time="0.409" /><testcase classname="backend.tests.test_comprehensive_mobile_api_iteration52.TestAccountingEndpoints" name="test_get_commissions" time="0.418" /><testcase classname="backend.tests.test_comprehensive_mobile_api_iteration52.TestAccountingEndpoints" name="test_get_sellers_report" time="0.415" /><testcase classname="backend.tests.test_comprehensive_mobile_api_iteration52.TestAccountingEndpoints" name="test_get_detailed_seller_report" time="0.417" /><testcase classname="backend.tests.test_comprehensive_mobile_api_iteration52.TestAccountingEndpoints" name="test_get_country_comparison" time="0.428" /><testcase classname="backend.tests.test_comprehensive_mobile_api_iteration52.TestAccountingEndpoints" name="test_get_daily_chart" time="0.421" /><testcase classname="backend.tests.test_comprehensive_mobile_api_iteration52.TestAlertSettingsEndpoints" name="test_get_alert_settings" time="0.775" /><testcase classname="backend.tests.test_comprehensive_mobile_api_iteration52.TestAlertSettingsEndpoints" name="test_update_alert_settings" time="0.802" /><testcase classname="backend.tests.test_comprehensive_mobile_api_iteration52.TestAlertSettingsEndpoints" name="test_vendor_cannot_update_alert_settings" time="0.729" /><testcase classname="backend.tests.test_comprehensive_mobile_api_iteration52.TestAlertSettingsEndpoints" name="test_get_recent_alerts" time="0.721" /><testcase classname="backend.tests.test_comprehensive_mobile_api_iteration52.TestPrizeConfigEndpoints" name="test_get_prize_config" time="0.414" /><testcase classname="backend.tests.test_comprehensive_mobile_api_iteration52.TestBankAccountsEndpoints" name="test_get_pending_deposits_count" time="0.413" /></testsuite></testsuites>