<?xml version="1.0" encoding="utf-8"?><testsuites name="pytest tests"><testsuite name="pytest" errors="0" failures="0" skipped="0" tests="25" time="7.313" timestamp="2026-02-12T14:57:36.917714+00:00" hostname="agent-env-17e9f7db-57c7-4324-9b61-1d4e43a6b627"><testcase classname="tests.test_comprehensive.TestAuthentication" name="test_login_super_admin" time="0.318" /><testcase classname="tests.test_comprehensive.TestAuthentication" name="test_login_invalid_credentials" time="0.043" /><testcase classname="tests.test_comprehensive.TestAuthentication" name="test_auth_me_endpoint" time="0.299" /><testcase classname="tests.test_comprehensive.TestUsers" name="test_get_users_list" time="0.304" /><testcase classname="tests.test_comprehensive.TestUsers" name="test_create_user" time="0.521" /><testcase classname="tests.test_comprehensive.TestLotteries" name="test_get_lotteries_list" time="0.303" /><testcase classname="tests.test_comprehensive.TestLotteries" name="test_get_single_lottery" time="0.336" /><testcase classname="tests.test_comprehensive.TestTickets" name="test_get_tickets_list" time="0.305" /><testcase classname="tests.test_comprehensive.TestTickets" name="test_get_tickets_with_filter" time="0.300" /><testcase classname="tests.test_comprehensive.TestTickets" name="test_get_today_tickets" time="0.298" /><testcase classname="tests.test_comprehensive.TestTickets" name="test_verify_ticket" time="0.336" /><testcase classname="tests.test_comprehensive.TestAccounting" name="test_get_accounting_report" time="0.308" /><testcase classname="tests.test_comprehensive.TestAccounting" name="test_get_accounting_summary" time="0.334" /><testcase classname="tests.test_comprehensive.TestAccounting" name="test_get_sellers_report" time="0.307" /><testcase classname="tests.test_comprehensive.TestMonitoring" name="test_get_live_monitoring" time="0.306" /><testcase classname="tests.test_comprehensive.TestMonitoring" name="test_get_live_tickets" time="0.302" /><testcase classname="tests.test_comprehensive.TestFavorites" name="test_get_favorites_list" time="0.317" /><testcase classname="tests.test_comprehensive.TestTerminals" name="test_get_terminals_list" time="0.311" /><testcase classname="tests.test_comprehensive.TestTerminals" name="test_get_next_terminal_id" time="0.308" /><testcase classname="tests.test_comprehensive.TestDraws" name="test_get_draws_list" time="0.305" /><testcase classname="tests.test_comprehensive.TestNotifications" name="test_get_notifications_list" time="0.301" /><testcase classname="tests.test_comprehensive.TestNotifications" name="test_get_unread_count" time="0.333" /><testcase classname="tests.test_comprehensive.TestAdminConfig" name="test_get_system_config" time="0.295" /><testcase classname="tests.test_comprehensive.TestHealthCheck" name="test_api_health" time="0.036" /><testcase classname="tests.test_comprehensive.TestHealthCheck" name="test_api_root" time="0.032" /></testsuite></testsuites>