<?xml version="1.0" encoding="utf-8"?><testsuites name="pytest tests"><testsuite name="pytest" errors="0" failures="1" skipped="0" tests="15" time="4.640" timestamp="2026-02-12T04:55:04.028096+00:00" hostname="agent-env-396ed171-47b5-43b8-84a6-95b02151d75c"><testcase classname="tests.test_country_filter.TestLogin" name="test_login_with_admin_credentials" time="0.342" /><testcase classname="tests.test_country_filter.TestAccountingSummary" name="test_accounting_summary_no_filter" time="0.301" /><testcase classname="tests.test_country_filter.TestAccountingSummary" name="test_accounting_summary_filter_RD" time="0.297" /><testcase classname="tests.test_country_filter.TestAccountingSummary" name="test_accounting_summary_filter_US" time="0.298" /><testcase classname="tests.test_country_filter.TestSellersReport" name="test_sellers_report_no_filter" time="0.302" /><testcase classname="tests.test_country_filter.TestSellersReport" name="test_sellers_report_filter_RD" time="0.291" /><testcase classname="tests.test_country_filter.TestSellersReport" name="test_sellers_report_filter_US" time="0.298" /><testcase classname="tests.test_country_filter.TestAccountingReport" name="test_accounting_report_no_filter" time="0.296"><failure message="AssertionError: Missing 'lottery_reports' in response&#10;assert 'lottery_reports' in {'country_filter': None, 'currency': 'RD$', 'net_profit': 3225.0, 'period': '2026-02-12 - 2026-02-12', ...}">tests/test_country_filter.py:193: in test_accounting_report_no_filter
    assert "lottery_reports" in data, "Missing 'lottery_reports' in response"
E   AssertionError: Missing 'lottery_reports' in response
E   assert 'lottery_reports' in {'country_filter': None, 'currency': 'RD$', 'net_profit': 3225.0, 'period': '2026-02-12 - 2026-02-12', ...}</failure></testcase><testcase classname="tests.test_country_filter.TestAccountingReport" name="test_accounting_report_filter_RD" time="0.292" /><testcase classname="tests.test_country_filter.TestAccountingReport" name="test_accounting_report_filter_US" time="0.305" /><testcase classname="tests.test_country_filter.TestTicketsEndpoint" name="test_tickets_no_filter" time="0.302" /><testcase classname="tests.test_country_filter.TestTicketsEndpoint" name="test_tickets_filter_RD" time="0.297" /><testcase classname="tests.test_country_filter.TestTicketsEndpoint" name="test_tickets_filter_US" time="0.290" /><testcase classname="tests.test_country_filter.TestDailyChart" name="test_daily_chart_no_filter" time="0.293" /><testcase classname="tests.test_country_filter.TestDailyChart" name="test_daily_chart_filter_RD" time="0.297" /></testsuite></testsuites>