<?xml version="1.0" encoding="utf-8"?><testsuites name="pytest tests"><testsuite name="pytest" errors="0" failures="0" skipped="0" tests="12" time="1.151" timestamp="2026-02-12T06:24:31.456942+00:00" hostname="agent-env-921bf96f-b384-4116-8727-8268aacad3b5"><testcase classname="backend.tests.test_detailed_seller_report.TestDetailedSellerReportPeriods" name="test_daily_period" time="0.322" /><testcase classname="backend.tests.test_detailed_seller_report.TestDetailedSellerReportPeriods" name="test_weekly_period" time="0.040" /><testcase classname="backend.tests.test_detailed_seller_report.TestDetailedSellerReportPeriods" name="test_biweekly_period" time="0.036" /><testcase classname="backend.tests.test_detailed_seller_report.TestDetailedSellerReportPeriods" name="test_monthly_period" time="0.047" /><testcase classname="backend.tests.test_detailed_seller_report.TestDetailedSellerReportFiltering" name="test_with_seller_id" time="0.096" /><testcase classname="backend.tests.test_detailed_seller_report.TestDetailedSellerReportFiltering" name="test_without_seller_id_as_admin" time="0.054" /><testcase classname="backend.tests.test_detailed_seller_report.TestDetailedSellerReportTicketCounts" name="test_ticket_counts_structure" time="0.045" /><testcase classname="backend.tests.test_detailed_seller_report.TestDetailedSellerReportTicketCounts" name="test_ticket_details_structure" time="0.037" /><testcase classname="backend.tests.test_detailed_seller_report.TestDailyBreakdown" name="test_weekly_has_daily_breakdown" time="0.047" /><testcase classname="backend.tests.test_detailed_seller_report.TestGetTicketsEndpoint" name="test_get_all_tickets" time="0.048" /><testcase classname="backend.tests.test_detailed_seller_report.TestGetTicketsEndpoint" name="test_tickets_status_filter" time="0.206" /><testcase classname="backend.tests.test_detailed_seller_report.TestGetTicketsEndpoint" name="test_multi_play_ticket_structure" time="0.047" /></testsuite></testsuites>