<?xml version="1.0" encoding="utf-8"?><testsuites name="pytest tests"><testsuite name="pytest" errors="0" failures="0" skipped="0" tests="14" time="5.866" timestamp="2026-02-12T05:39:13.550527+00:00" hostname="agent-env-396ed171-47b5-43b8-84a6-95b02151d75c"><testcase classname="backend.tests.test_favorites.TestFavorites" name="test_login_success" time="0.602" /><testcase classname="backend.tests.test_favorites.TestFavorites" name="test_get_favorites_returns_list" time="0.329" /><testcase classname="backend.tests.test_favorites.TestFavorites" name="test_create_favorite_with_single_play" time="0.368" /><testcase classname="backend.tests.test_favorites.TestFavorites" name="test_create_favorite_with_multiple_plays" time="0.351" /><testcase classname="backend.tests.test_favorites.TestFavorites" name="test_create_favorite_duplicate_name_fails" time="0.389" /><testcase classname="backend.tests.test_favorites.TestFavorites" name="test_use_favorite_increments_count" time="0.483" /><testcase classname="backend.tests.test_favorites.TestFavorites" name="test_delete_favorite_success" time="0.387" /><testcase classname="backend.tests.test_favorites.TestFavorites" name="test_delete_nonexistent_favorite_returns_404" time="0.318" /><testcase classname="backend.tests.test_favorites.TestFavorites" name="test_favorites_sorted_by_use_count" time="0.940" /><testcase classname="backend.tests.test_favorites.TestTicketPayment" name="test_pay_pending_ticket_fails" time="0.320" /><testcase classname="backend.tests.test_favorites.TestTicketPayment" name="test_pay_lost_ticket_fails" time="0.322" /><testcase classname="backend.tests.test_favorites.TestTicketPayment" name="test_pay_won_ticket_success" time="0.369" /><testcase classname="backend.tests.test_favorites.TestTicketPayment" name="test_pay_already_paid_ticket_fails" time="0.323" /><testcase classname="backend.tests.test_favorites.TestTicketPayment" name="test_pay_nonexistent_ticket_fails" time="0.294" /></testsuite></testsuites>