<?xml version="1.0" encoding="utf-8"?><testsuites name="pytest tests"><testsuite name="pytest" errors="0" failures="0" skipped="0" tests="17" time="1.050" timestamp="2026-02-12T02:41:00.267272+00:00" hostname="agent-env-7ab70bee-8571-4970-9731-8881055ecf02"><testcase classname="backend.tests.test_holiday_feature.TestAddClosedHoliday" name="test_add_closed_holiday_success" time="0.405" /><testcase classname="backend.tests.test_holiday_feature.TestAddClosedHoliday" name="test_add_duplicate_date_fails" time="0.014" /><testcase classname="backend.tests.test_holiday_feature.TestAddSpecialHoursHoliday" name="test_add_holiday_with_special_hours" time="0.010" /><testcase classname="backend.tests.test_holiday_feature.TestAddSpecialHoursHoliday" name="test_add_holiday_invalid_format_missing_date" time="0.050" /><testcase classname="backend.tests.test_holiday_feature.TestAddSpecialHoursHoliday" name="test_add_holiday_invalid_format_missing_name" time="0.010" /><testcase classname="backend.tests.test_holiday_feature.TestGetHolidays" name="test_get_holidays_list" time="0.050" /><testcase classname="backend.tests.test_holiday_feature.TestGetHolidays" name="test_get_holidays_nonexistent_lottery" time="0.050" /><testcase classname="backend.tests.test_holiday_feature.TestGetHolidays" name="test_get_holidays_no_auth_required" time="0.039" /><testcase classname="backend.tests.test_holiday_feature.TestDeleteHoliday" name="test_delete_holiday_by_date" time="0.066" /><testcase classname="backend.tests.test_holiday_feature.TestDeleteHoliday" name="test_delete_nonexistent_holiday" time="0.051" /><testcase classname="backend.tests.test_holiday_feature.TestDeleteHoliday" name="test_delete_holiday_nonexistent_lottery" time="0.051" /><testcase classname="backend.tests.test_holiday_feature.TestLotteriesListWithHolidayInfo" name="test_lotteries_return_holiday_fields" time="0.011" /><testcase classname="backend.tests.test_holiday_feature.TestLotteriesListWithHolidayInfo" name="test_single_lottery_returns_holiday_fields" time="0.009" /><testcase classname="backend.tests.test_holiday_feature.TestCheckLotteryOpenOnHoliday" name="test_lottery_returns_holiday_in_today_hours" time="0.050" /><testcase classname="backend.tests.test_holiday_feature.TestAddHolidayToKnownLottery" name="test_add_new_year_to_known_lottery" time="0.016" /><testcase classname="backend.tests.test_holiday_feature.TestAddHolidayToKnownLottery" name="test_verify_existing_navidad_holiday" time="0.014" /><testcase classname="backend.tests.test_holiday_feature.TestClosedMessageOnHoliday" name="test_lottery_with_closed_holiday_shows_message" time="0.070" /></testsuite></testsuites>