<?xml version="1.0" encoding="utf-8"?><testsuites name="pytest tests"><testsuite name="pytest" errors="0" failures="1" skipped="1" tests="8" time="3.172" timestamp="2026-02-12T10:11:01.608123+00:00" hostname="agent-env-5c803343-7af2-4c5a-bb82-700447398e67"><testcase classname="backend.tests.test_impersonate.TestImpersonation" name="test_1_super_admin_login" time="0.291" /><testcase classname="backend.tests.test_impersonate.TestImpersonation" name="test_2_get_seller_profile" time="0.315" /><testcase classname="backend.tests.test_impersonate.TestImpersonation" name="test_3_multi_play_endpoint_accepts_act_as_user_id" time="0.327" /><testcase classname="backend.tests.test_impersonate.TestImpersonation" name="test_4_impersonated_ticket_updates_seller_stats" time="0.336"><failure message="AssertionError: Failed to create impersonated ticket: {&quot;detail&quot;:&quot;Límite alcanzado: El número 77 ya tiene 5 boletos vendidos (máximo: 5)&quot;}&#10;assert 400 == 200&#10; +  where 400 = &lt;Response [400]&gt;.status_code">backend/tests/test_impersonate.py:168: in test_4_impersonated_ticket_updates_seller_stats
    assert response.status_code == 200, f"Failed to create impersonated ticket: {response.text}"
E   AssertionError: Failed to create impersonated ticket: {"detail":"Límite alcanzado: El número 77 ya tiene 5 boletos vendidos (máximo: 5)"}
E   assert 400 == 200
E    +  where 400 = &lt;Response [400]&gt;.status_code</failure></testcase><testcase classname="backend.tests.test_impersonate.TestImpersonation" name="test_5_non_super_admin_cannot_impersonate" time="0.810"><skipped type="pytest.skip" message="Could not login as vendedor">/app/backend/tests/test_impersonate.py:239: Could not login as vendedor</skipped></testcase><testcase classname="backend.tests.test_impersonate.TestImpersonation" name="test_6_impersonation_with_invalid_user_id" time="0.300" /><testcase classname="backend.tests.test_impersonate.TestImpersonation" name="test_7_impersonated_ticket_appears_in_seller_tickets" time="0.375" /><testcase classname="backend.tests.test_impersonate.TestImpersonationUI" name="test_seller_profile_endpoint_for_impersonate_button" time="0.321" /></testsuite></testsuites>