<?xml version="1.0" encoding="utf-8"?><testsuites name="pytest tests"><testsuite name="pytest" errors="0" failures="0" skipped="1" tests="8" time="3.544" timestamp="2026-02-12T10:11:16.601703+00:00" hostname="agent-env-5c803343-7af2-4c5a-bb82-700447398e67"><testcase classname="backend.tests.test_impersonate.TestImpersonation" name="test_1_super_admin_login" time="0.317" /><testcase classname="backend.tests.test_impersonate.TestImpersonation" name="test_2_get_seller_profile" time="0.352" /><testcase classname="backend.tests.test_impersonate.TestImpersonation" name="test_3_multi_play_endpoint_accepts_act_as_user_id" time="0.406" /><testcase classname="backend.tests.test_impersonate.TestImpersonation" name="test_4_impersonated_ticket_updates_seller_stats" time="0.360" /><testcase classname="backend.tests.test_impersonate.TestImpersonation" name="test_5_non_super_admin_cannot_impersonate" time="0.937"><skipped type="pytest.skip" message="Could not login as vendedor">/app/backend/tests/test_impersonate.py:243: Could not login as vendedor</skipped></testcase><testcase classname="backend.tests.test_impersonate.TestImpersonation" name="test_6_impersonation_with_invalid_user_id" time="0.315" /><testcase classname="backend.tests.test_impersonate.TestImpersonation" name="test_7_impersonated_ticket_appears_in_seller_tickets" time="0.459" /><testcase classname="backend.tests.test_impersonate.TestImpersonationUI" name="test_seller_profile_endpoint_for_impersonate_button" time="0.324" /></testsuite></testsuites>