<?xml version="1.0" encoding="utf-8"?><testsuites name="pytest tests"><testsuite name="pytest" errors="0" failures="0" skipped="0" tests="11" time="1.902" timestamp="2026-02-12T08:31:54.958899+00:00" hostname="agent-env-59215e18-c96f-4705-84a4-cf2b8760b163"><testcase classname="tests.test_live_tickets.TestLiveTicketsMonitoring" name="test_live_tickets_endpoint_returns_200" time="0.371" /><testcase classname="tests.test_live_tickets.TestLiveTicketsMonitoring" name="test_live_tickets_response_structure" time="0.045" /><testcase classname="tests.test_live_tickets.TestLiveTicketsMonitoring" name="test_live_tickets_stats_fields" time="0.040" /><testcase classname="tests.test_live_tickets.TestLiveTicketsMonitoring" name="test_live_tickets_limit_parameter" time="0.043" /><testcase classname="tests.test_live_tickets.TestSellerProfile" name="test_seller_profile_endpoint_returns_200" time="0.367" /><testcase classname="tests.test_live_tickets.TestSellerProfile" name="test_seller_profile_response_structure" time="0.046" /><testcase classname="tests.test_live_tickets.TestSellerProfile" name="test_seller_profile_today_stats_fields" time="0.082" /><testcase classname="tests.test_live_tickets.TestSellerProfile" name="test_seller_profile_404_for_invalid_id" time="0.043" /><testcase classname="tests.test_live_tickets.TestSuperAdminCancellation" name="test_cancel_endpoint_exists" time="0.354" /><testcase classname="tests.test_live_tickets.TestSuperAdminCancellation" name="test_super_admin_can_view_all_pending_tickets" time="0.038" /><testcase classname="tests.test_live_tickets.TestCancelTicketBackendLogic" name="test_cancel_non_pending_ticket_returns_error" time="0.346" /></testsuite></testsuites>