<?xml version="1.0" encoding="utf-8"?><testsuites name="pytest tests"><testsuite name="pytest" errors="0" failures="0" skipped="0" tests="15" time="10.331" timestamp="2026-03-16T02:51:28.043850+00:00" hostname="agent-env-eee36f4d-4a6f-483f-8438-10c43b32cd2c"><testcase classname="tests.test_loteria_iteration48.TestAuthenticationAPI" name="test_admin_login_success" time="0.397" /><testcase classname="tests.test_loteria_iteration48.TestAuthenticationAPI" name="test_seller_login_success" time="0.423" /><testcase classname="tests.test_loteria_iteration48.TestAuthenticationAPI" name="test_login_invalid_credentials" time="0.108" /><testcase classname="tests.test_loteria_iteration48.TestAuthenticationAPI" name="test_get_current_user" time="0.455" /><testcase classname="tests.test_loteria_iteration48.TestDashboardAPI" name="test_accounting_summary" time="0.485" /><testcase classname="tests.test_loteria_iteration48.TestDashboardAPI" name="test_accounting_summary_with_country_filter" time="0.458" /><testcase classname="tests.test_loteria_iteration48.TestDashboardAPI" name="test_notifications_unread_count" time="0.438" /><testcase classname="tests.test_loteria_iteration48.TestUsersAPI" name="test_get_users_list" time="0.428" /><testcase classname="tests.test_loteria_iteration48.TestLotteriesAPI" name="test_get_lotteries_list" time="0.448" /><testcase classname="tests.test_loteria_iteration48.TestTicketsAPI" name="test_get_tickets_list" time="0.425" /><testcase classname="tests.test_loteria_iteration48.TestResultsAPI" name="test_get_latest_results" time="4.639" /><testcase classname="tests.test_loteria_iteration48.TestStatisticsAPI" name="test_get_dashboard_stats_today" time="0.495" /><testcase classname="tests.test_loteria_iteration48.TestStatisticsAPI" name="test_get_dashboard_stats_week" time="0.467" /><testcase classname="tests.test_loteria_iteration48.TestStatisticsAPI" name="test_get_dashboard_stats_month" time="0.473" /><testcase classname="tests.test_loteria_iteration48.TestHealthCheck" name="test_health_endpoint" time="0.128" /></testsuite></testsuites>