<?xml version="1.0" encoding="utf-8"?><testsuites name="pytest tests"><testsuite name="pytest" errors="0" failures="0" skipped="0" tests="10" time="38.603" timestamp="2026-03-16T02:01:47.863095+00:00" hostname="agent-env-eee36f4d-4a6f-483f-8438-10c43b32cd2c"><testcase classname="backend.tests.test_loteria_vite_iteration47.TestAuthentication" name="test_admin_login_success" time="0.400" /><testcase classname="backend.tests.test_loteria_vite_iteration47.TestAuthentication" name="test_seller_login_success" time="0.407" /><testcase classname="backend.tests.test_loteria_vite_iteration47.TestAuthentication" name="test_login_invalid_credentials" time="0.141" /><testcase classname="backend.tests.test_loteria_vite_iteration47.TestDashboardStats" name="test_dashboard_stats_endpoint" time="0.454" /><testcase classname="backend.tests.test_loteria_vite_iteration47.TestDashboardStats" name="test_dashboard_stats_with_period" time="0.728" /><testcase classname="backend.tests.test_loteria_vite_iteration47.TestUsersAPI" name="test_get_users_list" time="0.448" /><testcase classname="backend.tests.test_loteria_vite_iteration47.TestLotteriesAPI" name="test_get_lotteries" time="0.431" /><testcase classname="backend.tests.test_loteria_vite_iteration47.TestTicketsAPI" name="test_get_tickets" time="0.473" /><testcase classname="backend.tests.test_loteria_vite_iteration47.TestLotteryResultsAPI" name="test_get_latest_results" time="34.496" /><testcase classname="backend.tests.test_loteria_vite_iteration47.TestAuthMe" name="test_auth_me_returns_user" time="0.523" /></testsuite></testsuites>