<?xml version="1.0" encoding="utf-8"?><testsuites name="pytest tests"><testsuite name="pytest" errors="0" failures="0" skipped="0" tests="13" time="2.648" timestamp="2026-02-12T02:26:41.741684+00:00" hostname="agent-env-7ab70bee-8571-4970-9731-8881055ecf02"><testcase classname="backend.tests.test_lottery_opening_hours.TestLotteryListOpeningHours" name="test_lotteries_list_contains_is_open" time="0.089" /><testcase classname="backend.tests.test_lottery_opening_hours.TestLotteryListOpeningHours" name="test_lotteries_list_contains_closed_message" time="0.043" /><testcase classname="backend.tests.test_lottery_opening_hours.TestLotteryListOpeningHours" name="test_lotteries_list_contains_next_draw_time" time="0.036" /><testcase classname="backend.tests.test_lottery_opening_hours.TestLotteryListOpeningHours" name="test_all_lotteries_have_opening_fields" time="0.042" /><testcase classname="backend.tests.test_lottery_opening_hours.TestSingleLotteryOpeningHours" name="test_single_lottery_contains_opening_fields" time="0.087" /><testcase classname="backend.tests.test_lottery_opening_hours.TestTicketCreationWhenClosed" name="test_create_ticket_on_closed_lottery_returns_error" time="0.343" /><testcase classname="backend.tests.test_lottery_opening_hours.TestTicketCreationWhenClosed" name="test_create_ticket_error_contains_opening_time" time="0.329" /><testcase classname="backend.tests.test_lottery_opening_hours.TestCreateLotteryWithOpeningHours" name="test_create_lottery_with_custom_opening_hours" time="0.367" /><testcase classname="backend.tests.test_lottery_opening_hours.TestCreateLotteryWithOpeningHours" name="test_create_lottery_with_default_opening_hours" time="0.338" /><testcase classname="backend.tests.test_lottery_opening_hours.TestUpdateLotteryOpeningHours" name="test_update_lottery_opening_time" time="0.407" /><testcase classname="backend.tests.test_lottery_opening_hours.TestUpdateLotteryOpeningHours" name="test_update_lottery_closing_time" time="0.368" /><testcase classname="backend.tests.test_lottery_opening_hours.TestLotteryOpenClosedStatus" name="test_lottery_closed_status_matches_message" time="0.034" /><testcase classname="backend.tests.test_lottery_opening_hours.TestLotteryOpenClosedStatus" name="test_closed_message_format" time="0.042" /></testsuite></testsuites>