<?xml version="1.0" encoding="utf-8"?><testsuites name="pytest tests"><testsuite name="pytest" errors="0" failures="0" skipped="0" tests="13" time="28.060" timestamp="2026-02-16T12:59:10.152789+00:00" hostname="agent-env-ebdac419-1fb8-488d-a31f-7e418cabb601"><testcase classname="tests.test_lottery_results.TestSourcesCheck" name="test_sources_check_returns_4_sources" time="4.062" /><testcase classname="tests.test_lottery_results.TestSourcesCheck" name="test_sources_check_at_least_2_online_for_validation" time="3.336" /><testcase classname="tests.test_lottery_results.TestLatestResults" name="test_latest_results_structure" time="4.123" /><testcase classname="tests.test_lottery_results.TestLatestResults" name="test_latest_results_contain_validated_lotteries" time="3.306" /><testcase classname="tests.test_lottery_results.TestLatestResults" name="test_validated_results_have_multiple_sources" time="3.340" /><testcase classname="tests.test_lottery_results.TestPreviewResults" name="test_preview_returns_matched_lotteries" time="3.772" /><testcase classname="tests.test_lottery_results.TestFetchNow" name="test_fetch_now_triggers_search" time="0.533" /><testcase classname="tests.test_lottery_results.TestSchedulerStatus" name="test_status_returns_scheduler_info" time="0.504" /><testcase classname="tests.test_lottery_results.TestSchedulerControl" name="test_scheduler_start_super_admin_only" time="0.462" /><testcase classname="tests.test_lottery_results.TestSchedulerControl" name="test_scheduler_stop_super_admin_only" time="0.165" /><testcase classname="tests.test_lottery_results.TestSchedulerControl" name="test_vendedor_cannot_start_scheduler" time="0.493" /><testcase classname="tests.test_lottery_results.TestResultsHistory" name="test_history_returns_draws" time="0.529" /><testcase classname="tests.test_lottery_results.TestExpectedLotteryResults" name="test_expected_lotteries_present" time="3.324" /></testsuite></testsuites>