<?xml version="1.0" encoding="utf-8"?><testsuites name="pytest tests"><testsuite name="pytest" errors="0" failures="0" skipped="0" tests="12" time="2.762" timestamp="2026-02-13T06:52:38.771385+00:00" hostname="agent-env-97a891ad-5bc7-41c9-8881-a69b5ce597c1"><testcase classname="backend.tests.test_lottery_api.TestAuthentication" name="test_login_success" time="0.307" /><testcase classname="backend.tests.test_lottery_api.TestAuthentication" name="test_login_invalid_credentials" time="0.040" /><testcase classname="backend.tests.test_lottery_api.TestAuthentication" name="test_get_current_user" time="0.309" /><testcase classname="backend.tests.test_lottery_api.TestLotteries" name="test_get_lotteries" time="0.046" /><testcase classname="backend.tests.test_lottery_api.TestLotteries" name="test_get_open_lotteries" time="0.045" /><testcase classname="backend.tests.test_lottery_api.TestLotteries" name="test_lottery_currency_format" time="0.038" /><testcase classname="backend.tests.test_lottery_api.TestMultiPlayTickets" name="test_create_multi_play_ticket_quiniela" time="0.309" /><testcase classname="backend.tests.test_lottery_api.TestMultiPlayTickets" name="test_create_multi_play_ticket_pale" time="0.308" /><testcase classname="backend.tests.test_lottery_api.TestMultiPlayTickets" name="test_create_multi_play_ticket_tripleta" time="0.309" /><testcase classname="backend.tests.test_lottery_api.TestMultiPlayTickets" name="test_create_multi_play_ticket_multiple_plays" time="0.347" /><testcase classname="backend.tests.test_lottery_api.TestDashboard" name="test_get_accounting_summary" time="0.307" /><testcase classname="backend.tests.test_lottery_api.TestTicketsRetrieval" name="test_get_today_tickets" time="0.294" /></testsuite></testsuites>