<?xml version="1.0" encoding="utf-8"?><testsuites name="pytest tests"><testsuite name="pytest" errors="0" failures="0" skipped="0" tests="22" time="5.676" timestamp="2026-03-27T19:28:36.641259+00:00" hostname="agent-env-825c22b7-18ef-400b-aa93-507e4e907928"><testcase classname="backend.tests.test_lottery_reorganization_iteration54.TestLotterySorting" name="test_lotteries_endpoint_returns_data" time="0.235" /><testcase classname="backend.tests.test_lottery_reorganization_iteration54.TestLotterySorting" name="test_lotteries_sorted_open_first" time="0.000" /><testcase classname="backend.tests.test_lottery_reorganization_iteration54.TestLotterySorting" name="test_has_both_open_and_closed_lotteries" time="0.000" /><testcase classname="backend.tests.test_lottery_reorganization_iteration54.TestLotteryDisplayTime" name="test_all_lotteries_have_display_time" time="0.000" /><testcase classname="backend.tests.test_lottery_reorganization_iteration54.TestLotteryDisplayTime" name="test_display_time_is_12_hour_format" time="0.000" /><testcase classname="backend.tests.test_lottery_reorganization_iteration54.TestLotteryDisplayTime" name="test_display_time_examples" time="0.000" /><testcase classname="backend.tests.test_lottery_reorganization_iteration54.TestLotteryDisplayClosing" name="test_all_lotteries_have_display_closing" time="0.000" /><testcase classname="backend.tests.test_lottery_reorganization_iteration54.TestLotteryDisplayClosing" name="test_display_closing_is_before_display_time" time="0.000" /><testcase classname="backend.tests.test_lottery_reorganization_iteration54.TestLotteryDisplayClosing" name="test_display_closing_examples" time="0.000" /><testcase classname="backend.tests.test_lottery_reorganization_iteration54.TestLotteryOpeningTime" name="test_all_lotteries_have_opening_time" time="0.000" /><testcase classname="backend.tests.test_lottery_reorganization_iteration54.TestLotteryOpeningTime" name="test_opening_time_is_7am" time="0.000" /><testcase classname="backend.tests.test_lottery_reorganization_iteration54.TestClosedLotteryMessage" name="test_closed_lotteries_have_message" time="0.000" /><testcase classname="backend.tests.test_lottery_reorganization_iteration54.TestClosedLotteryMessage" name="test_closed_message_mentions_7am" time="0.000" /><testcase classname="backend.tests.test_lottery_reorganization_iteration54.TestClosedLotteryMessage" name="test_closed_message_mentions_tomorrow" time="0.000" /><testcase classname="backend.tests.test_lottery_reorganization_iteration54.TestMultiPlayTicketCreation" name="test_create_multi_play_ticket" time="0.518" /><testcase classname="backend.tests.test_lottery_reorganization_iteration54.TestMultiPlayTicketCreation" name="test_create_multi_play_with_multiple_plays" time="0.113" /><testcase classname="backend.tests.test_lottery_reorganization_iteration54.TestReceiptImage" name="test_receipt_image_returns_png" time="0.353" /><testcase classname="backend.tests.test_lottery_reorganization_iteration54.TestReceiptImage" name="test_receipt_image_not_found" time="0.108" /><testcase classname="backend.tests.test_lottery_reorganization_iteration54.TestMultiPrizeDrawCreation" name="test_create_draw_multi_prize" time="0.500" /><testcase classname="backend.tests.test_lottery_reorganization_iteration54.TestMultiPrizeDrawCreation" name="test_draw_marks_winner_correctly" time="0.339" /><testcase classname="backend.tests.test_lottery_reorganization_iteration54.TestMultiPlayPartialResolution" name="test_multi_play_partial_draw" time="2.753" /><testcase classname="backend.tests.test_lottery_reorganization_iteration54.TestTicketStatusPendingUntilResolved" name="test_ticket_stays_pending_until_all_resolved" time="0.635" /></testsuite></testsuites>