<?xml version="1.0" encoding="utf-8"?><testsuites name="pytest tests"><testsuite name="pytest" errors="0" failures="0" skipped="0" tests="9" time="2.950" timestamp="2026-02-12T09:58:25.392392+00:00" hostname="agent-env-5c803343-7af2-4c5a-bb82-700447398e67"><testcase classname="backend.tests.test_multi_lotto.TestMultiLottoBackend" name="test_get_lotteries_returns_list" time="0.313" /><testcase classname="backend.tests.test_multi_lotto.TestMultiLottoBackend" name="test_get_open_lotteries" time="0.303" /><testcase classname="backend.tests.test_multi_lotto.TestMultiLottoBackend" name="test_multiplay_with_lottery_id_quiniela" time="0.338" /><testcase classname="backend.tests.test_multi_lotto.TestMultiLottoBackend" name="test_multiplay_with_multiple_different_lotteries" time="0.332" /><testcase classname="backend.tests.test_multi_lotto.TestMultiLottoBackend" name="test_multiplay_without_lottery_id_falls_back_to_type" time="0.291" /><testcase classname="backend.tests.test_multi_lotto.TestMultiLottoBackend" name="test_play_item_model_accepts_lottery_id" time="0.326" /><testcase classname="backend.tests.test_multi_lotto.TestMultiLottoBackend" name="test_frontend_lottery_selector_endpoint" time="0.295" /><testcase classname="backend.tests.test_multi_lotto.TestMultiLottoTicketCreation" name="test_ticket_shows_lottery_name_in_plays" time="0.335" /><testcase classname="backend.tests.test_multi_lotto.TestMultiLottoTicketCreation" name="test_verify_ticket_by_id" time="0.368" /></testsuite></testsuites>