<?xml version="1.0" encoding="utf-8"?><testsuites name="pytest tests"><testsuite name="pytest" errors="0" failures="0" skipped="0" tests="16" time="7.339" timestamp="2026-03-21T06:34:08.549738+00:00" hostname="agent-env-75e92532-941d-467d-adbc-0cdc04f83887"><testcase classname="backend.tests.test_multi_play_receipt_currency.TestAuthenticationForCurrency" name="test_us_seller_login" time="0.426" /><testcase classname="backend.tests.test_multi_play_receipt_currency.TestAuthenticationForCurrency" name="test_rd_seller_login" time="0.324" /><testcase classname="backend.tests.test_multi_play_receipt_currency.TestMultiPlayTicketCurrency" name="test_create_multi_play_ticket_us_seller" time="0.641" /><testcase classname="backend.tests.test_multi_play_receipt_currency.TestMultiPlayTicketCurrency" name="test_create_multi_play_ticket_rd_seller" time="0.524" /><testcase classname="backend.tests.test_multi_play_receipt_currency.TestReceiptImageCurrency" name="test_receipt_image_us_seller_returns_png" time="0.732" /><testcase classname="backend.tests.test_multi_play_receipt_currency.TestReceiptImageCurrency" name="test_receipt_image_rd_seller_returns_png" time="0.696" /><testcase classname="backend.tests.test_multi_play_receipt_currency.TestReceiptImageCurrency" name="test_receipt_image_nonexistent_ticket" time="0.113" /><testcase classname="backend.tests.test_multi_play_receipt_currency.TestReceiptImageCurrency" name="test_existing_us_ticket_receipt" time="0.182" /><testcase classname="backend.tests.test_multi_play_receipt_currency.TestReceiptImageCurrency" name="test_existing_rd_ticket_receipt" time="0.167" /><testcase classname="backend.tests.test_multi_play_receipt_currency.TestPrizeConfiguration" name="test_get_all_prize_configs" time="0.428" /><testcase classname="backend.tests.test_multi_play_receipt_currency.TestPrizeConfiguration" name="test_get_rd_prize_config" time="0.423" /><testcase classname="backend.tests.test_multi_play_receipt_currency.TestPrizeConfiguration" name="test_get_us_prize_config" time="0.410" /><testcase classname="backend.tests.test_multi_play_receipt_currency.TestPrizeConfiguration" name="test_update_prize_config_super_admin" time="0.447" /><testcase classname="backend.tests.test_multi_play_receipt_currency.TestPrizeConfiguration" name="test_update_prize_config_seller_forbidden" time="0.425" /><testcase classname="backend.tests.test_multi_play_receipt_currency.TestTicketVerification" name="test_verify_us_ticket_currency" time="0.672" /><testcase classname="backend.tests.test_multi_play_receipt_currency.TestTicketVerification" name="test_verify_rd_ticket_currency" time="0.611" /></testsuite></testsuites>