<?xml version="1.0" encoding="utf-8"?><testsuites name="pytest tests"><testsuite name="pytest" errors="0" failures="0" skipped="0" tests="18" time="4.890" timestamp="2026-02-12T05:18:51.947832+00:00" hostname="agent-env-396ed171-47b5-43b8-84a6-95b02151d75c"><testcase classname="tests.test_multi_play_and_sales.TestMultiPlayEndpoint" name="test_login_success" time="0.556" /><testcase classname="tests.test_multi_play_and_sales.TestMultiPlayEndpoint" name="test_multi_play_endpoint_exists" time="0.294" /><testcase classname="tests.test_multi_play_and_sales.TestMultiPlayEndpoint" name="test_multi_play_requires_at_least_one_play" time="0.294" /><testcase classname="tests.test_multi_play_and_sales.TestMultiPlayEndpoint" name="test_multi_play_validates_lottery_type" time="0.326" /><testcase classname="tests.test_multi_play_and_sales.TestMultiPlayEndpoint" name="test_multi_play_validates_quiniela_numbers" time="0.294" /><testcase classname="tests.test_multi_play_and_sales.TestMultiPlayEndpoint" name="test_multi_play_validates_pale_numbers" time="0.290" /><testcase classname="tests.test_multi_play_and_sales.TestMultiPlayEndpoint" name="test_multi_play_validates_tripleta_numbers" time="0.297" /><testcase classname="tests.test_multi_play_and_sales.TestMultiPlayEndpoint" name="test_multi_play_validates_number_range" time="0.286" /><testcase classname="tests.test_multi_play_and_sales.TestMultiPlayEndpoint" name="test_multi_play_creates_ticket_successfully" time="0.289" /><testcase classname="tests.test_multi_play_and_sales.TestMultiPlayEndpoint" name="test_multi_play_with_multiple_plays" time="0.292" /><testcase classname="tests.test_multi_play_and_sales.TestLotteriesAPI" name="test_get_lotteries_returns_country" time="0.033" /><testcase classname="tests.test_multi_play_and_sales.TestLotteriesAPI" name="test_get_lotteries_with_country_filter" time="0.068" /><testcase classname="tests.test_multi_play_and_sales.TestLotteriesAPI" name="test_lottery_has_required_fields_for_cart" time="0.034" /><testcase classname="tests.test_multi_play_and_sales.TestDashboardAPI" name="test_accounting_summary_returns_currency" time="0.292" /><testcase classname="tests.test_multi_play_and_sales.TestDashboardAPI" name="test_accounting_summary_country_filter_rd" time="0.289" /><testcase classname="tests.test_multi_play_and_sales.TestDashboardAPI" name="test_accounting_summary_country_filter_us" time="0.296" /><testcase classname="tests.test_multi_play_and_sales.TestSellersReportAPI" name="test_sellers_report_returns_currency" time="0.295" /><testcase classname="tests.test_multi_play_and_sales.TestSellersReportAPI" name="test_sellers_report_country_filter" time="0.290" /></testsuite></testsuites>