<?xml version="1.0" encoding="utf-8"?><testsuites name="pytest tests"><testsuite name="pytest" errors="0" failures="0" skipped="0" tests="13" time="6.347" timestamp="2026-03-25T16:57:22.990717+00:00" hostname="agent-env-11660bf7-08af-40a5-b0c0-8d3b7ae348a9"><testcase classname="tests.test_multi_play_winner_detection_iteration53.TestDeterminePlayWinFunction" name="test_quiniela_first_prize_wins" time="1.245" /><testcase classname="tests.test_multi_play_winner_detection_iteration53.TestMultiPlayTicketWinnerDetection" name="test_multi_play_quiniela_lottery_a_wins" time="0.389" /><testcase classname="tests.test_multi_play_winner_detection_iteration53.TestMultiPlayTicketWinnerDetection" name="test_multi_play_stays_won_after_second_lottery_loses" time="0.819" /><testcase classname="tests.test_multi_play_winner_detection_iteration53.TestMultiPlayTicketWinnerDetection" name="test_multi_play_lost_only_after_all_draws" time="0.890" /><testcase classname="tests.test_multi_play_winner_detection_iteration53.TestPaleWinnerDetection" name="test_pale_both_numbers_match_wins" time="0.339" /><testcase classname="tests.test_multi_play_winner_detection_iteration53.TestPaleWinnerDetection" name="test_pale_only_one_number_matches_loses" time="0.329" /><testcase classname="tests.test_multi_play_winner_detection_iteration53.TestSimpleTicketBackwardsCompatibility" name="test_simple_quiniela_wins" time="0.377" /><testcase classname="tests.test_multi_play_winner_detection_iteration53.TestSimpleTicketBackwardsCompatibility" name="test_simple_quiniela_loses" time="0.388" /><testcase classname="tests.test_multi_play_winner_detection_iteration53.TestMultiPrizeEndpoint" name="test_multi_prize_endpoint_creates_draw" time="0.108" /><testcase classname="tests.test_multi_play_winner_detection_iteration53.TestMultiPrizeEndpoint" name="test_multi_prize_endpoint_requires_admin" time="0.220" /><testcase classname="tests.test_multi_play_winner_detection_iteration53.TestTripletaWinnerDetection" name="test_tripleta_all_match_wins" time="0.375" /><testcase classname="tests.test_multi_play_winner_detection_iteration53.TestTripletaWinnerDetection" name="test_tripleta_only_two_match_loses" time="0.380" /><testcase classname="tests.test_multi_play_winner_detection_iteration53.TestSuperPaleWinnerDetection" name="test_super_pale_both_match_wins" time="0.364" /></testsuite></testsuites>