<?xml version="1.0" encoding="utf-8"?><testsuites name="pytest tests"><testsuite name="pytest" errors="0" failures="0" skipped="0" tests="23" time="9.790" timestamp="2026-03-21T06:51:06.634164+00:00" hostname="agent-env-75e92532-941d-467d-adbc-0cdc04f83887"><testcase classname="backend.tests.test_new_reports_iteration50.TestAuthentication" name="test_admin_login" time="0.393" /><testcase classname="backend.tests.test_new_reports_iteration50.TestAuthentication" name="test_vendor_login" time="0.323" /><testcase classname="backend.tests.test_new_reports_iteration50.TestCountryComparison" name="test_country_comparison_month" time="0.459" /><testcase classname="backend.tests.test_new_reports_iteration50.TestCountryComparison" name="test_country_comparison_day" time="0.442" /><testcase classname="backend.tests.test_new_reports_iteration50.TestCountryComparison" name="test_country_comparison_week" time="0.486" /><testcase classname="backend.tests.test_new_reports_iteration50.TestCountryComparison" name="test_country_comparison_requires_admin" time="0.407" /><testcase classname="backend.tests.test_new_reports_iteration50.TestSellersReport" name="test_sellers_report_all" time="0.416" /><testcase classname="backend.tests.test_new_reports_iteration50.TestSellersReport" name="test_sellers_report_rd_filter" time="0.410" /><testcase classname="backend.tests.test_new_reports_iteration50.TestSellersReport" name="test_sellers_report_us_filter" time="0.418" /><testcase classname="backend.tests.test_new_reports_iteration50.TestSellersReport" name="test_sellers_report_requires_admin" time="0.428" /><testcase classname="backend.tests.test_new_reports_iteration50.TestAccountingReport" name="test_accounting_report_month" time="0.465" /><testcase classname="backend.tests.test_new_reports_iteration50.TestAccountingReport" name="test_accounting_report_day" time="0.419" /><testcase classname="backend.tests.test_new_reports_iteration50.TestAccountingReport" name="test_accounting_report_week" time="0.443" /><testcase classname="backend.tests.test_new_reports_iteration50.TestAccountingReport" name="test_accounting_report_vendor" time="0.416" /><testcase classname="backend.tests.test_new_reports_iteration50.TestCommissions" name="test_commissions_day" time="0.419" /><testcase classname="backend.tests.test_new_reports_iteration50.TestCommissions" name="test_commissions_week" time="0.419" /><testcase classname="backend.tests.test_new_reports_iteration50.TestCommissions" name="test_commissions_month" time="0.409" /><testcase classname="backend.tests.test_new_reports_iteration50.TestCommissions" name="test_commissions_vendor" time="0.413" /><testcase classname="backend.tests.test_new_reports_iteration50.TestDetailedSellerReport" name="test_detailed_seller_report_daily" time="0.408" /><testcase classname="backend.tests.test_new_reports_iteration50.TestDetailedSellerReport" name="test_detailed_seller_report_weekly" time="0.417" /><testcase classname="backend.tests.test_new_reports_iteration50.TestDetailedSellerReport" name="test_detailed_seller_report_biweekly" time="0.431" /><testcase classname="backend.tests.test_new_reports_iteration50.TestDetailedSellerReport" name="test_detailed_seller_report_monthly" time="0.438" /><testcase classname="backend.tests.test_new_reports_iteration50.TestDetailedSellerReport" name="test_detailed_seller_report_admin" time="0.413" /></testsuite></testsuites>