<?xml version="1.0" encoding="utf-8"?><testsuites name="pytest tests"><testsuite name="pytest" errors="0" failures="0" skipped="0" tests="9" time="3.218" timestamp="2026-02-13T19:21:30.655979+00:00" hostname="agent-env-a9526e35-926f-4593-bc33-c8dabc3d8899"><testcase classname="backend.tests.test_play_types_admin.TestPlayTypesLotteryEndpoint" name="test_lotteries_have_play_types" time="0.216" /><testcase classname="backend.tests.test_play_types_admin.TestPlayTypesLotteryEndpoint" name="test_play_type_structure" time="0.142" /><testcase classname="backend.tests.test_play_types_admin.TestPlayTypesAdminEndpoint" name="test_update_play_type_multipliers" time="0.977" /><testcase classname="backend.tests.test_play_types_admin.TestPlayTypesAdminEndpoint" name="test_update_play_type_enabled_status" time="0.599" /><testcase classname="backend.tests.test_play_types_admin.TestPlayTypesAdminEndpoint" name="test_update_invalid_play_type" time="0.125" /><testcase classname="backend.tests.test_play_types_admin.TestPlayTypesAdminEndpoint" name="test_seller_cannot_update_play_types" time="0.576" /><testcase classname="backend.tests.test_play_types_admin.TestTicketCreationWithLotteryType" name="test_create_ticket_with_quiniela" time="0.164" /><testcase classname="backend.tests.test_play_types_admin.TestTicketCreationWithLotteryType" name="test_create_ticket_with_pale" time="0.152" /><testcase classname="backend.tests.test_play_types_admin.TestTicketCreationWithLotteryType" name="test_create_multi_play_ticket" time="0.153" /></testsuite></testsuites>