<?xml version="1.0" encoding="utf-8"?><testsuites name="pytest tests"><testsuite name="pytest" errors="0" failures="1" skipped="0" tests="12" time="3.724" timestamp="2026-02-12T01:45:57.740657+00:00" hostname="agent-env-c448f61d-c331-4a35-a1da-dcbe09b2b63d"><testcase classname="tests.test_lottery_system.TestAuth" name="test_login_with_valid_credentials" time="0.289" /><testcase classname="tests.test_lottery_system.TestAuth" name="test_login_with_invalid_credentials" time="0.264" /><testcase classname="tests.test_lottery_system.TestUserCreation" name="test_create_user_with_all_new_fields" time="0.565" /><testcase classname="tests.test_lottery_system.TestUserCreation" name="test_create_user_without_optional_fields" time="0.516" /><testcase classname="tests.test_lottery_system.TestUserCreation" name="test_create_admin_user" time="0.523" /><testcase classname="tests.test_lottery_system.TestUserListing" name="test_get_users_list" time="0.309"><failure message="AssertionError: User Super Administrador missing commission_rate&#10;assert ('commission_rate' in {'_id': '698cfd3aa94eb3e6f2745b40', 'active': True, 'balance': 8.5, 'created_at': '2026-02-11T22:05:46.159000', ...} or None is not None or 'commission_rate' in &quot;{'_id': '698cfd3aa94eb3e6f2745b40', 'id': 'c2781318-3115-445d-834d-a00f55fc2737', 'email': 'admin@loteria.com', 'password': '$2b$12$fsYHHUtj.i/NH617MVLsF.N1A/0VfbktYlr4N00.CBjUGl8CVmZm6', 'name': 'Super Administrador', 'role': 'super_admin', 'credit_limit': 999999999.0, 'balance': 8.5, 'currency': 'RD$', 'created_at': '2026-02-11T22:05:46.159000', 'active': True, 'last_activity': '2026-02-12T01:46:00.279000', 'total_commission': 8.5, 'total_sales': 85.0}&quot;)&#10; +  where None = &lt;built-in method get of dict object at 0xf9fd62c2e2c0&gt;('commission_rate')&#10; +    where &lt;built-in method get of dict object at 0xf9fd62c2e2c0&gt; = {'_id': '698cfd3aa94eb3e6f2745b40', 'active': True, 'balance': 8.5, 'created_at': '2026-02-11T22:05:46.159000', ...}.get&#10; +  and   &quot;{'_id': '698cfd3aa94eb3e6f2745b40', 'id': 'c2781318-3115-445d-834d-a00f55fc2737', 'email': 'admin@loteria.com', 'password': '$2b$12$fsYHHUtj.i/NH617MVLsF.N1A/0VfbktYlr4N00.CBjUGl8CVmZm6', 'name': 'Super Administrador', 'role': 'super_admin', 'credit_limit': 999999999.0, 'balance': 8.5, 'currency': 'RD$', 'created_at': '2026-02-11T22:05:46.159000', 'active': True, 'last_activity': '2026-02-12T01:46:00.279000', 'total_commission': 8.5, 'total_sales': 85.0}&quot; = str({'_id': '698cfd3aa94eb3e6f2745b40', 'active': True, 'balance': 8.5, 'created_at': '2026-02-11T22:05:46.159000', ...})">tests/test_lottery_system.py:181: in test_get_users_list
    assert "commission_rate" in user or user.get("commission_rate") is not None or "commission_rate" in str(user), \
E   AssertionError: User Super Administrador missing commission_rate
E   assert ('commission_rate' in {'_id': '698cfd3aa94eb3e6f2745b40', 'active': True, 'balance': 8.5, 'created_at': '2026-02-11T22:05:46.159000', ...} or None is not None or 'commission_rate' in "{'_id': '698cfd3aa94eb3e6f2745b40', 'id': 'c2781318-3115-445d-834d-a00f55fc2737', 'email': 'admin@loteria.com', 'password': '$2b$12$fsYHHUtj.i/NH617MVLsF.N1A/0VfbktYlr4N00.CBjUGl8CVmZm6', 'name': 'Super Administrador', 'role': 'super_admin', 'credit_limit': 999999999.0, 'balance': 8.5, 'currency': 'RD$', 'created_at': '2026-02-11T22:05:46.159000', 'active': True, 'last_activity': '2026-02-12T01:46:00.279000', 'total_commission': 8.5, 'total_sales': 85.0}")
E    +  where None = &lt;built-in method get of dict object at 0xf9fd62c2e2c0&gt;('commission_rate')
E    +    where &lt;built-in method get of dict object at 0xf9fd62c2e2c0&gt; = {'_id': '698cfd3aa94eb3e6f2745b40', 'active': True, 'balance': 8.5, 'created_at': '2026-02-11T22:05:46.159000', ...}.get
E    +  and   "{'_id': '698cfd3aa94eb3e6f2745b40', 'id': 'c2781318-3115-445d-834d-a00f55fc2737', 'email': 'admin@loteria.com', 'password': '$2b$12$fsYHHUtj.i/NH617MVLsF.N1A/0VfbktYlr4N00.CBjUGl8CVmZm6', 'name': 'Super Administrador', 'role': 'super_admin', 'credit_limit': 999999999.0, 'balance': 8.5, 'currency': 'RD$', 'created_at': '2026-02-11T22:05:46.159000', 'active': True, 'last_activity': '2026-02-12T01:46:00.279000', 'total_commission': 8.5, 'total_sales': 85.0}" = str({'_id': '698cfd3aa94eb3e6f2745b40', 'active': True, 'balance': 8.5, 'created_at': '2026-02-11T22:05:46.159000', ...})</failure></testcase><testcase classname="tests.test_lottery_system.TestTicketVerification" name="test_verify_nonexistent_ticket" time="0.039" /><testcase classname="tests.test_lottery_system.TestTicketVerification" name="test_verify_existing_ticket" time="0.366" /><testcase classname="tests.test_lottery_system.TestTicketVerification" name="test_verify_ticket_no_auth_required" time="0.035" /><testcase classname="tests.test_lottery_system.TestUserUpdate" name="test_update_user_commission_rate" time="0.599" /><testcase classname="tests.test_lottery_system.TestHealthAndBasics" name="test_health_endpoint" time="0.037" /><testcase classname="tests.test_lottery_system.TestHealthAndBasics" name="test_get_lotteries_public" time="0.039" /></testsuite></testsuites>