<?xml version="1.0" encoding="utf-8"?><testsuites name="pytest tests"><testsuite name="pytest" errors="0" failures="0" skipped="0" tests="9" time="2.175" timestamp="2026-02-16T18:12:37.810724+00:00" hostname="agent-env-ebdac419-1fb8-488d-a31f-7e418cabb601"><testcase classname="backend.tests.test_quick_sales_api.TestLotteriesAPI" name="test_lotteries_returns_play_types" time="0.657" /><testcase classname="backend.tests.test_quick_sales_api.TestLotteriesAPI" name="test_lotteries_have_is_open_status" time="0.000" /><testcase classname="backend.tests.test_quick_sales_api.TestTicketsMultiAPI" name="test_create_quiniela_ticket" time="0.211" /><testcase classname="backend.tests.test_quick_sales_api.TestTicketsMultiAPI" name="test_create_pale_ticket" time="0.156" /><testcase classname="backend.tests.test_quick_sales_api.TestTicketsMultiAPI" name="test_create_tripleta_ticket" time="0.125" /><testcase classname="backend.tests.test_quick_sales_api.TestTicketsMultiAPI" name="test_create_multi_play_ticket" time="0.119" /><testcase classname="backend.tests.test_quick_sales_api.TestTicketsMultiAPI" name="test_invalid_number_count_fails" time="0.154" /><testcase classname="backend.tests.test_quick_sales_api.TestDrawsAPI" name="test_get_draws" time="0.484" /><testcase classname="backend.tests.test_quick_sales_api.TestNotificationsAPI" name="test_get_notifications" time="0.160" /></testsuite></testsuites>