<?xml version="1.0" encoding="utf-8"?><testsuites name="pytest tests"><testsuite name="pytest" errors="0" failures="0" skipped="4" tests="6" time="2.111" timestamp="2026-03-28T06:36:48.495388+00:00" hostname="agent-env-be705761-85e4-4ee0-9ff3-292440b4968c"><testcase classname="tests.test_receipt_image_unified.TestReceiptImageEndpoint" name="test_receipt_image_returns_png" time="0.457"><skipped type="pytest.skip" message="No open lottery available">/app/backend/tests/test_receipt_image_unified.py:65: No open lottery available</skipped></testcase><testcase classname="tests.test_receipt_image_unified.TestReceiptImageEndpoint" name="test_receipt_image_with_existing_ticket" time="0.179" /><testcase classname="tests.test_receipt_image_unified.TestReceiptImageEndpoint" name="test_receipt_image_not_found" time="0.103" /><testcase classname="tests.test_receipt_image_unified.TestReceiptImageEndpoint" name="test_receipt_image_content_disposition" time="0.421"><skipped type="pytest.skip" message="No open lottery available">/app/backend/tests/test_receipt_image_unified.py:113: No open lottery available</skipped></testcase><testcase classname="tests.test_receipt_image_unified.TestReceiptImageEndpoint" name="test_receipt_image_cache_control" time="0.460"><skipped type="pytest.skip" message="No open lottery available">/app/backend/tests/test_receipt_image_unified.py:127: No open lottery available</skipped></testcase><testcase classname="tests.test_receipt_image_unified.TestReceiptImageIntegration" name="test_create_ticket_and_get_receipt" time="0.427"><skipped type="pytest.skip" message="No open lottery">/app/backend/tests/test_receipt_image_unified.py:164: No open lottery</skipped></testcase></testsuite></testsuites>