<?xml version="1.0" encoding="utf-8"?><testsuites name="pytest tests"><testsuite name="pytest" errors="0" failures="0" skipped="0" tests="16" time="6.594" timestamp="2026-03-28T05:01:59.813020+00:00" hostname="agent-env-3c7c514a-82bb-43bc-8731-1c891e1a0e7d"><testcase classname="backend.tests.test_settlements_cuadre_iteration57.TestSettlementsCuadreSystem" name="test_01_super_admin_login" time="0.493" /><testcase classname="backend.tests.test_settlements_cuadre_iteration57.TestSettlementsCuadreSystem" name="test_02_vendedor_login" time="0.366" /><testcase classname="backend.tests.test_settlements_cuadre_iteration57.TestSettlementsCuadreSystem" name="test_03_get_seller_cuadre_basic" time="0.442" /><testcase classname="backend.tests.test_settlements_cuadre_iteration57.TestSettlementsCuadreSystem" name="test_04_get_seller_cuadre_with_date_range" time="0.384" /><testcase classname="backend.tests.test_settlements_cuadre_iteration57.TestSettlementsCuadreSystem" name="test_05_cuadre_commission_always_deducted" time="0.392" /><testcase classname="backend.tests.test_settlements_cuadre_iteration57.TestSettlementsCuadreSystem" name="test_06_close_settlement" time="0.480" /><testcase classname="backend.tests.test_settlements_cuadre_iteration57.TestSettlementsCuadreSystem" name="test_07_register_payment" time="0.426" /><testcase classname="backend.tests.test_settlements_cuadre_iteration57.TestSettlementsCuadreSystem" name="test_08_get_settlement_history" time="0.383" /><testcase classname="backend.tests.test_settlements_cuadre_iteration57.TestSettlementsCuadreSystem" name="test_09_get_all_seller_balances" time="0.375" /><testcase classname="backend.tests.test_settlements_cuadre_iteration57.TestSettlementsCuadreSystem" name="test_10_accounting_summary_includes_commission" time="0.390" /><testcase classname="backend.tests.test_settlements_cuadre_iteration57.TestSettlementsCuadreSystem" name="test_11_sellers_report_net_profit_formula" time="0.380" /><testcase classname="backend.tests.test_settlements_cuadre_iteration57.TestSettlementsCuadreSystem" name="test_12_detailed_seller_report_net_profit_formula" time="0.411" /><testcase classname="backend.tests.test_settlements_cuadre_iteration57.TestSettlementsCuadreSystem" name="test_13_vendedor_cannot_access_settlements" time="0.375" /><testcase classname="backend.tests.test_settlements_cuadre_iteration57.TestSettlementsCuadreSystem" name="test_14_vendedor_cannot_close_settlement" time="0.393" /><testcase classname="backend.tests.test_settlements_cuadre_iteration57.TestSettlementsCuadreSystem" name="test_15_accounting_report_includes_commission" time="0.382" /><testcase classname="backend.tests.test_settlements_cuadre_iteration57.TestSettlementsCuadreSystem" name="test_16_sellers_report_with_date_range" time="0.381" /></testsuite></testsuites>