<?xml version="1.0" encoding="utf-8"?><testsuites name="pytest tests"><testsuite name="pytest" errors="0" failures="2" skipped="0" tests="12" time="3.863" timestamp="2026-02-13T20:18:25.610088+00:00" hostname="agent-env-228b7959-4383-416d-9dba-d30d5d034116"><testcase classname="tests.test_tickets_and_reports.TestSellerLogin" name="test_seller_login_success" time="0.400" /><testcase classname="tests.test_tickets_and_reports.TestSellerLogin" name="test_admin_login_success" time="0.400" /><testcase classname="tests.test_tickets_and_reports.TestMultiPlayTicketCreation" name="test_create_multi_play_ticket_success" time="1.042" /><testcase classname="tests.test_tickets_and_reports.TestMultiPlayTicketCreation" name="test_create_multi_play_with_multiple_plays" time="0.294" /><testcase classname="tests.test_tickets_and_reports.TestMultiPlayTicketCreation" name="test_create_multi_play_no_auth" time="0.236" /><testcase classname="tests.test_tickets_and_reports.TestMultiPlayTicketCreation" name="test_create_multi_play_empty_plays" time="0.120" /><testcase classname="tests.test_tickets_and_reports.TestTicketVerification" name="test_verify_existing_ticket" time="0.366" /><testcase classname="tests.test_tickets_and_reports.TestTicketVerification" name="test_verify_nonexistent_ticket" time="0.143" /><testcase classname="tests.test_tickets_and_reports.TestDetailedSellerReport" name="test_detailed_seller_report_exists" time="0.220"><failure message="Failed: CRITICAL: /api/accounting/detailed-seller-report endpoint does NOT exist in backend!">tests/test_tickets_and_reports.py:261: in test_detailed_seller_report_exists
    pytest.fail("CRITICAL: /api/accounting/detailed-seller-report endpoint does NOT exist in backend!")
E   Failed: CRITICAL: /api/accounting/detailed-seller-report endpoint does NOT exist in backend!</failure></testcase><testcase classname="tests.test_tickets_and_reports.TestDetailedSellerReport" name="test_detailed_seller_report_periods" time="0.119"><failure message="Failed: Endpoint missing for period=daily">tests/test_tickets_and_reports.py:282: in test_detailed_seller_report_periods
    pytest.fail(f"Endpoint missing for period={period}")
E   Failed: Endpoint missing for period=daily</failure></testcase><testcase classname="tests.test_tickets_and_reports.TestAccountingEndpoints" name="test_accounting_summary" time="0.202" /><testcase classname="tests.test_tickets_and_reports.TestAccountingEndpoints" name="test_daily_chart" time="0.227" /></testsuite></testsuites>