<?xml version="1.0" encoding="utf-8"?><testsuites name="pytest tests"><testsuite name="pytest" errors="0" failures="9" skipped="1" tests="12" time="3.930" timestamp="2026-02-13T20:18:02.717354+00:00" hostname="agent-env-228b7959-4383-416d-9dba-d30d5d034116"><testcase classname="tests.test_tickets_and_reports.TestSellerLogin" name="test_seller_login_success" time="0.545"><failure message="AssertionError: Missing access_token in response&#10;assert 'access_token' in {'token': 'eyJhbGciOiJIUzI1NiIsInR5cCI6IkpXVCJ9.eyJ1c2VyX2lkIjoiNWQ3OTJjMjEtNTRmYi00NzFiLTg3M2QtYmZjZjI5MjdhMDNkIiwicm9sZSI6InZlbmRlZG9yIiwiZXhwIjoxNzcxMTAwMjgzfQ.21M4oVUD6o82Ars38E7kPo_tQFn13NzL6WYosyqSdk4', 'user': {'balance': 10058.5, 'commission_rate': 10.0, 'country': 'RD', 'credit_limit': 75000.0, ...}}">tests/test_tickets_and_reports.py:56: in test_seller_login_success
    assert "access_token" in data, "Missing access_token in response"
E   AssertionError: Missing access_token in response
E   assert 'access_token' in {'token': 'eyJhbGciOiJIUzI1NiIsInR5cCI6IkpXVCJ9.eyJ1c2VyX2lkIjoiNWQ3OTJjMjEtNTRmYi00NzFiLTg3M2QtYmZjZjI5MjdhMDNkIiwicm9sZSI6InZlbmRlZG9yIiwiZXhwIjoxNzcxMTAwMjgzfQ.21M4oVUD6o82Ars38E7kPo_tQFn13NzL6WYosyqSdk4', 'user': {'balance': 10058.5, 'commission_rate': 10.0, 'country': 'RD', 'credit_limit': 75000.0, ...}}</failure></testcase><testcase classname="tests.test_tickets_and_reports.TestSellerLogin" name="test_admin_login_success" time="0.421"><failure message="AssertionError: assert 'access_token' in {'token': 'eyJhbGciOiJIUzI1NiIsInR5cCI6IkpXVCJ9.eyJ1c2VyX2lkIjoiYzI3ODEzMTgtMzExNS00NDVkLTgzNGQtYTAwZjU1ZmMyNzM3Iiwicm9sZSI6InN1cGVyX2FkbWluIiwiZXhwIjoxNzcxMTAwMjgzfQ.M5bu89BEc3niwT9lJ3mMKGD6QBXTod4MpJK_tYSmsFw', 'user': {'balance': 3048.8, 'commission_rate': 10.0, 'country': 'RD', 'credit_limit': 999999999.0, ...}}">tests/test_tickets_and_reports.py:65: in test_admin_login_success
    assert "access_token" in data
E   AssertionError: assert 'access_token' in {'token': 'eyJhbGciOiJIUzI1NiIsInR5cCI6IkpXVCJ9.eyJ1c2VyX2lkIjoiYzI3ODEzMTgtMzExNS00NDVkLTgzNGQtYTAwZjU1ZmMyNzM3Iiwicm9sZSI6InN1cGVyX2FkbWluIiwiZXhwIjoxNzcxMTAwMjgzfQ.M5bu89BEc3niwT9lJ3mMKGD6QBXTod4MpJK_tYSmsFw', 'user': {'balance': 3048.8, 'commission_rate': 10.0, 'country': 'RD', 'credit_limit': 999999999.0, ...}}</failure></testcase><testcase classname="tests.test_tickets_and_reports.TestMultiPlayTicketCreation" name="test_create_multi_play_ticket_success" time="1.249"><failure message="AssertionError: Failed to create multi-play ticket: {&quot;detail&quot;:&quot;Token inválido&quot;}&#10;assert 401 == 200&#10; +  where 401 = &lt;Response [401]&gt;.status_code">tests/test_tickets_and_reports.py:112: in test_create_multi_play_ticket_success
    assert response.status_code == 200, f"Failed to create multi-play ticket: {response.text}"
E   AssertionError: Failed to create multi-play ticket: {"detail":"Token inválido"}
E   assert 401 == 200
E    +  where 401 = &lt;Response [401]&gt;.status_code</failure></testcase><testcase classname="tests.test_tickets_and_reports.TestMultiPlayTicketCreation" name="test_create_multi_play_with_multiple_plays" time="0.176"><failure message="AssertionError: Unexpected error: {&quot;detail&quot;:&quot;Token inválido&quot;}&#10;assert False">tests/test_tickets_and_reports.py:169: in test_create_multi_play_with_multiple_plays
    assert False, f"Unexpected error: {response.text}"
E   AssertionError: Unexpected error: {"detail":"Token inválido"}
E   assert False</failure></testcase><testcase classname="tests.test_tickets_and_reports.TestMultiPlayTicketCreation" name="test_create_multi_play_no_auth" time="0.172" /><testcase classname="tests.test_tickets_and_reports.TestMultiPlayTicketCreation" name="test_create_multi_play_empty_plays" time="0.135"><failure message="AssertionError: Expected 400 for empty plays, got 401&#10;assert 401 == 400&#10; +  where 401 = &lt;Response [401]&gt;.status_code">tests/test_tickets_and_reports.py:191: in test_create_multi_play_empty_plays
    assert response.status_code == 400, f"Expected 400 for empty plays, got {response.status_code}"
E   AssertionError: Expected 400 for empty plays, got 401
E   assert 401 == 400
E    +  where 401 = &lt;Response [401]&gt;.status_code</failure></testcase><testcase classname="tests.test_tickets_and_reports.TestTicketVerification" name="test_verify_existing_ticket" time="0.135"><skipped type="pytest.skip" message="Cannot create ticket to verify: {&quot;detail&quot;:&quot;Token inválido&quot;}">/app/backend/tests/test_tickets_and_reports.py:220: Cannot create ticket to verify: {"detail":"Token inválido"}</skipped></testcase><testcase classname="tests.test_tickets_and_reports.TestTicketVerification" name="test_verify_nonexistent_ticket" time="0.135" /><testcase classname="tests.test_tickets_and_reports.TestDetailedSellerReport" name="test_detailed_seller_report_exists" time="0.114"><failure message="Failed: CRITICAL: /api/accounting/detailed-seller-report endpoint does NOT exist in backend!">tests/test_tickets_and_reports.py:261: in test_detailed_seller_report_exists
    pytest.fail("CRITICAL: /api/accounting/detailed-seller-report endpoint does NOT exist in backend!")
E   Failed: CRITICAL: /api/accounting/detailed-seller-report endpoint does NOT exist in backend!</failure></testcase><testcase classname="tests.test_tickets_and_reports.TestDetailedSellerReport" name="test_detailed_seller_report_periods" time="0.135"><failure message="Failed: Endpoint missing for period=daily">tests/test_tickets_and_reports.py:282: in test_detailed_seller_report_periods
    pytest.fail(f"Endpoint missing for period={period}")
E   Failed: Endpoint missing for period=daily</failure></testcase><testcase classname="tests.test_tickets_and_reports.TestAccountingEndpoints" name="test_accounting_summary" time="0.180"><failure message="AssertionError: Summary failed: {&quot;detail&quot;:&quot;Token inválido&quot;}&#10;assert 401 == 200&#10; +  where 401 = &lt;Response [401]&gt;.status_code">tests/test_tickets_and_reports.py:293: in test_accounting_summary
    assert response.status_code == 200, f"Summary failed: {response.text}"
E   AssertionError: Summary failed: {"detail":"Token inválido"}
E   assert 401 == 200
E    +  where 401 = &lt;Response [401]&gt;.status_code</failure></testcase><testcase classname="tests.test_tickets_and_reports.TestAccountingEndpoints" name="test_daily_chart" time="0.358"><failure message="AssertionError: Daily chart failed: {&quot;detail&quot;:&quot;Token inválido&quot;}&#10;assert 401 == 200&#10; +  where 401 = &lt;Response [401]&gt;.status_code">tests/test_tickets_and_reports.py:306: in test_daily_chart
    assert response.status_code == 200, f"Daily chart failed: {response.text}"
E   AssertionError: Daily chart failed: {"detail":"Token inválido"}
E   assert 401 == 200
E    +  where 401 = &lt;Response [401]&gt;.status_code</failure></testcase></testsuite></testsuites>