<?xml version="1.0" encoding="utf-8"?><testsuites name="pytest tests"><testsuite name="pytest" errors="0" failures="0" skipped="0" tests="11" time="2.064" timestamp="2026-02-12T02:57:18.709460+00:00" hostname="agent-env-a9fe859b-cfab-4e9d-bd24-49cf8554aaae"><testcase classname="backend.tests.test_ticket_limit_per_number.TestTicketLimitPerNumber" name="test_01_create_lottery_with_limit" time="0.442" /><testcase classname="backend.tests.test_ticket_limit_per_number.TestTicketLimitPerNumber" name="test_02_create_lottery_without_limit" time="0.070" /><testcase classname="backend.tests.test_ticket_limit_per_number.TestTicketLimitPerNumber" name="test_03_sell_tickets_within_limit" time="0.142" /><testcase classname="backend.tests.test_ticket_limit_per_number.TestTicketLimitPerNumber" name="test_04_block_when_limit_reached" time="0.053" /><testcase classname="backend.tests.test_ticket_limit_per_number.TestTicketLimitPerNumber" name="test_05_other_numbers_still_available" time="0.017" /><testcase classname="backend.tests.test_ticket_limit_per_number.TestTicketLimitPerNumber" name="test_06_number_stats_endpoint" time="0.012" /><testcase classname="backend.tests.test_ticket_limit_per_number.TestTicketLimitPerNumber" name="test_07_update_lottery_limit" time="0.075" /><testcase classname="backend.tests.test_ticket_limit_per_number.TestTicketLimitPerNumber" name="test_08_existing_lottery_number_stats" time="0.067" /><testcase classname="backend.tests.test_ticket_limit_per_number.TestMultiPlayTicketLimits" name="test_multiplay_respects_limit" time="0.454" /><testcase classname="backend.tests.test_ticket_limit_per_number.TestEdgeCases" name="test_limit_zero_means_unlimited" time="0.406" /><testcase classname="backend.tests.test_ticket_limit_per_number.TestEdgeCases" name="test_cancelled_tickets_dont_count" time="0.173" /></testsuite></testsuites>