<?xml version="1.0" encoding="utf-8"?><testsuites name="pytest tests"><testsuite name="pytest" errors="0" failures="0" skipped="0" tests="15" time="7.442" timestamp="2026-03-03T00:58:25.539096+00:00" hostname="agent-env-e6d635d6-4515-40ac-89ec-59c4a77ee76b"><testcase classname="backend.tests.test_timezone_features.TestBackendHealth" name="test_health_endpoint" time="0.233" /><testcase classname="backend.tests.test_timezone_features.TestAuthentication" name="test_seller_login" time="0.393" /><testcase classname="backend.tests.test_timezone_features.TestAuthentication" name="test_admin_login" time="0.403" /><testcase classname="backend.tests.test_timezone_features.TestAdminDashboardStats" name="test_dashboard_stats_month" time="0.543" /><testcase classname="backend.tests.test_timezone_features.TestAdminDashboardStats" name="test_dashboard_stats_day" time="0.494" /><testcase classname="backend.tests.test_timezone_features.TestAdminDashboardStats" name="test_dashboard_stats_week" time="0.456" /><testcase classname="backend.tests.test_timezone_features.TestAdminDashboardStats" name="test_dashboard_stats_year" time="1.511" /><testcase classname="backend.tests.test_timezone_features.TestAdminExtendedStats" name="test_extended_stats_structure" time="0.576" /><testcase classname="backend.tests.test_timezone_features.TestUserProfile" name="test_profile_with_today_stats" time="0.602" /><testcase classname="backend.tests.test_timezone_features.TestMonthlyReport" name="test_monthly_report_structure" time="0.458" /><testcase classname="backend.tests.test_timezone_features.TestMonthlyReport" name="test_monthly_report_previous_month" time="0.473" /><testcase classname="backend.tests.test_timezone_features.TestTicketExpiryService" name="test_ticket_expiry_module_import" time="0.159" /><testcase classname="backend.tests.test_timezone_features.TestTicketExpiryService" name="test_no_old_pending_tickets" time="0.462" /><testcase classname="backend.tests.test_timezone_features.TestLotteryClosing" name="test_check_lottery_open_function" time="0.000" /><testcase classname="backend.tests.test_timezone_features.TestTimezoneInResponses" name="test_dates_in_profile_response" time="0.473" /></testsuite></testsuites>