<?xml version="1.0" encoding="utf-8"?><testsuites name="pytest tests"><testsuite name="pytest" errors="0" failures="0" skipped="0" tests="13" time="4.967" timestamp="2026-03-03T01:29:55.514289+00:00" hostname="agent-env-e6d635d6-4515-40ac-89ec-59c4a77ee76b"><testcase classname="backend.tests.test_timezone_z_suffix.TestZSuffixInDates" name="test_backend_health" time="0.280" /><testcase classname="backend.tests.test_timezone_z_suffix.TestZSuffixInDates" name="test_seller_login" time="0.358" /><testcase classname="backend.tests.test_timezone_z_suffix.TestZSuffixInDates" name="test_admin_login" time="0.372" /><testcase classname="backend.tests.test_timezone_z_suffix.TestZSuffixInDates" name="test_tickets_created_at_has_z_suffix" time="0.410" /><testcase classname="backend.tests.test_timezone_z_suffix.TestZSuffixInDates" name="test_admin_dashboard_stats" time="0.540" /><testcase classname="backend.tests.test_timezone_z_suffix.TestZSuffixInDates" name="test_admin_extended_stats" time="0.419" /><testcase classname="backend.tests.test_timezone_z_suffix.TestZSuffixInDates" name="test_user_profile_dates_have_z_suffix" time="0.413" /><testcase classname="backend.tests.test_timezone_z_suffix.TestZSuffixInDates" name="test_live_tickets_last_update_has_z_suffix" time="0.428" /><testcase classname="backend.tests.test_timezone_z_suffix.TestZSuffixInDates" name="test_accounting_report_dates_have_z_suffix" time="0.405" /><testcase classname="backend.tests.test_timezone_z_suffix.TestZSuffixInDates" name="test_detailed_seller_report_dates_have_z_suffix" time="0.446" /><testcase classname="backend.tests.test_timezone_z_suffix.TestZSuffixInDates" name="test_recent_plays_dates_have_z_suffix" time="0.415" /><testcase classname="backend.tests.test_timezone_z_suffix.TestZSuffixInDates" name="test_commissions_report_dates_have_z_suffix" time="0.404" /><testcase classname="backend.tests.test_timezone_z_suffix.TestZSuffixInDates" name="test_timezone_interpretation_verification" time="0.000" /></testsuite></testsuites>