<?xml version="1.0" encoding="utf-8"?><testsuites name="pytest tests"><testsuite name="pytest" errors="0" failures="2" skipped="0" tests="16" time="3.361" timestamp="2026-02-12T10:45:35.421649+00:00" hostname="agent-env-17e9f7db-57c7-4324-9b61-1d4e43a6b627"><testcase classname="backend.tests.test_user_and_ticket_features.TestUserCreationAndEdit" name="test_create_user_success" time="0.559" /><testcase classname="backend.tests.test_user_and_ticket_features.TestUserCreationAndEdit" name="test_create_user_duplicate_email" time="0.039" /><testcase classname="backend.tests.test_user_and_ticket_features.TestUserCreationAndEdit" name="test_create_user_invalid_role" time="0.041" /><testcase classname="backend.tests.test_user_and_ticket_features.TestUserCreationAndEdit" name="test_create_user_without_auth" time="0.035" /><testcase classname="backend.tests.test_user_and_ticket_features.TestUserCreationAndEdit" name="test_create_user_with_all_optional_fields" time="0.340" /><testcase classname="backend.tests.test_user_and_ticket_features.TestUserCreationAndEdit" name="test_edit_user_success" time="0.382" /><testcase classname="backend.tests.test_user_and_ticket_features.TestUserCreationAndEdit" name="test_edit_user_partial_update" time="0.335" /><testcase classname="backend.tests.test_user_and_ticket_features.TestUserCreationAndEdit" name="test_edit_user_toggle_active_status" time="0.428" /><testcase classname="backend.tests.test_user_and_ticket_features.TestUserCreationAndEdit" name="test_edit_nonexistent_user" time="0.037" /><testcase classname="backend.tests.test_user_and_ticket_features.TestTicketSearch" name="test_get_all_tickets" time="0.304" /><testcase classname="backend.tests.test_user_and_ticket_features.TestTicketSearch" name="test_get_tickets_with_status_filter" time="0.184" /><testcase classname="backend.tests.test_user_and_ticket_features.TestTicketSearch" name="test_ticket_search_by_full_number" time="0.042"><failure message="KeyError: 'ticket_number'">backend/tests/test_user_and_ticket_features.py:403: in test_ticket_search_by_full_number
    filtered = [t for t in tickets if ticket_number.lower() in t["ticket_number"].lower()]
               ^^^^^^^^^^^^^^^^^^^^^^^^^^^^^^^^^^^^^^^^^^^^^^^^^^^^^^^^^^^^^^^^^^^^^^^^^^^
backend/tests/test_user_and_ticket_features.py:403: in &lt;listcomp&gt;
    filtered = [t for t in tickets if ticket_number.lower() in t["ticket_number"].lower()]
                                                               ^^^^^^^^^^^^^^^^^^
E   KeyError: 'ticket_number'</failure></testcase><testcase classname="backend.tests.test_user_and_ticket_features.TestTicketSearch" name="test_ticket_search_by_last_4_digits" time="0.043"><failure message="KeyError: 'ticket_number'">backend/tests/test_user_and_ticket_features.py:426: in test_ticket_search_by_last_4_digits
    filtered = [t for t in tickets if t["ticket_number"].endswith(last_4)]
               ^^^^^^^^^^^^^^^^^^^^^^^^^^^^^^^^^^^^^^^^^^^^^^^^^^^^^^^^^^^
backend/tests/test_user_and_ticket_features.py:426: in &lt;listcomp&gt;
    filtered = [t for t in tickets if t["ticket_number"].endswith(last_4)]
                                      ^^^^^^^^^^^^^^^^^^
E   KeyError: 'ticket_number'</failure></testcase><testcase classname="backend.tests.test_user_and_ticket_features.TestTicketSearch" name="test_today_tickets_endpoint" time="0.047" /><testcase classname="backend.tests.test_user_and_ticket_features.TestUserListAndGet" name="test_get_all_users" time="0.299" /><testcase classname="backend.tests.test_user_and_ticket_features.TestUserListAndGet" name="test_get_single_user" time="0.074" /></testsuite></testsuites>