<?xml version="1.0" encoding="utf-8"?><testsuites name="pytest tests"><testsuite name="pytest" errors="0" failures="0" skipped="0" tests="12" time="5.698" timestamp="2026-03-04T05:28:34.216910+00:00" hostname="agent-env-199ec9f6-409e-4f53-858a-3e66bcaad8e1"><testcase classname="backend.tests.test_verification_iteration46.TestAuthentication" name="test_seller_login" time="0.374" /><testcase classname="backend.tests.test_verification_iteration46.TestAuthentication" name="test_admin_login" time="0.328" /><testcase classname="backend.tests.test_verification_iteration46.TestAuthentication" name="test_login_invalid_credentials" time="0.109" /><testcase classname="backend.tests.test_verification_iteration46.TestTicketsAPI" name="test_get_tickets_with_pagination" time="0.462" /><testcase classname="backend.tests.test_verification_iteration46.TestTicketsAPI" name="test_get_qr_code" time="0.474" /><testcase classname="backend.tests.test_verification_iteration46.TestCompanyProfile" name="test_get_company_profile" time="0.433" /><testcase classname="backend.tests.test_verification_iteration46.TestLotteriesAPI" name="test_get_lotteries" time="0.468" /><testcase classname="backend.tests.test_verification_iteration46.TestDrawsAPI" name="test_get_draws_paginated" time="0.448" /><testcase classname="backend.tests.test_verification_iteration46.TestDashboardStatistics" name="test_get_dashboard_stats" time="0.459" /><testcase classname="backend.tests.test_verification_iteration46.TestHealthCheck" name="test_health_endpoint" time="0.441" /><testcase classname="backend.tests.test_verification_iteration46.TestAuthenticatedEndpoints" name="test_get_user_profile" time="0.799" /><testcase classname="backend.tests.test_verification_iteration46.TestAuthenticatedEndpoints" name="test_get_notifications" time="0.824" /></testsuite></testsuites>