<?xml version="1.0" encoding="utf-8"?><testsuites name="pytest tests"><testsuite name="pytest" errors="0" failures="0" skipped="0" tests="11" time="1.886" timestamp="2026-02-12T02:34:56.872020+00:00" hostname="agent-env-7ab70bee-8571-4970-9731-8881055ecf02"><testcase classname="backend.tests.test_weekly_hours.TestLotteryListWeeklyHours" name="test_lotteries_list_contains_today_hours" time="0.069" /><testcase classname="backend.tests.test_weekly_hours.TestLotteryListWeeklyHours" name="test_today_hours_day_is_valid" time="0.043" /><testcase classname="backend.tests.test_weekly_hours.TestLotteryListWeeklyHours" name="test_lotteries_list_contains_weekly_hours" time="0.041" /><testcase classname="backend.tests.test_weekly_hours.TestSingleLotteryWeeklyHours" name="test_single_lottery_contains_today_hours" time="0.080" /><testcase classname="backend.tests.test_weekly_hours.TestCreateLotteryWithWeeklyHours" name="test_create_lottery_with_custom_weekly_hours" time="0.348" /><testcase classname="backend.tests.test_weekly_hours.TestCreateLotteryWithWeeklyHours" name="test_create_lottery_without_weekly_hours_uses_default" time="0.330" /><testcase classname="backend.tests.test_weekly_hours.TestUpdateLotteryWeeklyHours" name="test_update_lottery_weekly_hours" time="0.452" /><testcase classname="backend.tests.test_weekly_hours.TestClosedMessageWithDayName" name="test_closed_message_contains_day_abbreviation" time="0.036" /><testcase classname="backend.tests.test_weekly_hours.TestClosedMessageWithDayName" name="test_closed_message_format_abre_manana" time="0.037" /><testcase classname="backend.tests.test_weekly_hours.TestTodayHoursMatchesCurrentDay" name="test_today_hours_matches_weekly_schedule" time="0.334" /><testcase classname="backend.tests.test_weekly_hours.TestWeeklyHoursFallback" name="test_lottery_without_weekly_hours_uses_simple_times" time="0.038" /></testsuite></testsuites>